華登小吃店,臺北市中正區博愛路9號地下1樓,121.50932101500645,25.04666788
sleep for 8.549256687306778 seconds
鮮味自助餐,臺北市松山區光復北路170號,121.55437161500662,25.05326548
sleep for 1.6437367254253612 seconds
三號場老芋小吃店,臺北市北投區竹子湖路37之5號,121.53124851500905,25.172266083
sleep for 9.280529279936239 seconds
蔣記家薌麵,臺北市大安區四維路208巷18之1號,121.54483261500607,25.026301583
sleep for 5.993386722935192 seconds
金臻小吃店,臺北市信義區虎林街222巷53號,121.57371331500636,25.036242883
sleep for 8.426301804245279 seconds
陳伯的店,臺北市大同區民權西路144巷14號,121.51367991500679,25.0619937839
sleep for 6.07659287230342 seconds
老李牛肉麵,臺北市中山區吉林路383號,121.52829621500685,25.06536318
sleep for 8.833710708525992 seconds
真鶴小吃店,臺北市北投區大興街57號,121.49823501500816,25.13063908
sleep for 1.7041910193522836 seconds
陽明小吃店,臺北市大同區延平北路3段156號,121.50860641500702,25.06823558
sleep for 8.768586874196135 seconds
王國雄商行,臺北市萬華區內江街7號公有西門市場56號攤位,121.50460471500641,25.0416978839
sleep for 1.1614578331811063 seconds
余木通商行,臺北市萬華區內江街21號公有西門市場48號攤位,121.5041672150064,25.0416892839
sleep for 8.043289026187386 seconds
佳輝小吃店,臺北市大安區雲和街93號1樓,121.52894531500606,25.023332883
sleep for 8.36784373999882 seconds
Did not crawl 蘇麗秋商行
tuple index out of range
Sleep for 1 minutes and continue to crawl
蘇俊賢商行,臺北市萬華區成都路10巷63號公有西門市場第31號攤位,121.50420481500643,25.042233483
sleep for 7.236530875762469 seconds
大堤弁當店,臺北市內湖區內湖路1段285巷8弄2號,121.56384791500727,25.08283898
sleep for 5.345295573835546 seconds
愛染餐廳,臺北市中山區林森北路145巷43號,121.52448871500671,25.05117368
sleep for 5.704299134408669 seconds
連萬龍商行,臺北市萬華區西寧南路179號西門市場第33號攤位,121.51310207136025,25.03512932
sleep for 1.2223906856017075 seconds
北方麵食館,臺北市文山區興隆路1段238號,121.54173791500553,24.99919328
sleep for 3.874338780315642 seconds
龔秀卿商行,臺北市萬華區成都路10巷41號公有西門市場20號攤位,121.50440531500642,25.0422049839
sleep for 9.632979508054085 seconds
陳智清商行,臺北市萬華區成都路10巷59號公有西門市場29號攤位,121.50421331500638,25.042242983
sleep for 1.3811927760155507 seconds
慧芝商行,臺北市萬華區成都路10巷57號西門公有市場第28號攤位,121.50401631500651,25.04180998
sleep for 1.5433701657647516 seconds
方紹楨商行,臺北市萬華區內江街29之6號公有西門市場39號攤位,121.49787072513713,25.042138385
sleep for 6.3701167258108 seconds
石清秀商行,臺北市萬華區內江街17號公有西門市場51號攤位,121.5041672150064,25.0416892839
sleep for 3.8996446832757377 seconds
艾莉絲美食坊,臺北市文山區萬寧街183號5樓,121.5672636150057,25.004278383
sleep for 4.193919609157438 seconds
牡丹小吃店,臺北市萬華區成都路10巷43號西門市場21號攤位,121.50438731500643,25.0422094839
sleep for 3.078229611583005 seconds
金昌吉小吃店,臺北市中山區吉林路319號,121.52824991500677,25.06364808
sleep for 9.167422418192189 seconds
蕙鮨壽司店,臺北市松山區敦化北路155巷110號,121.5504237150066,25.054344383
sleep for 8.564333251843918 seconds
風谷餐廳,臺北市中山區林森北路133巷55號,121.52499801500663,25.050747383
sleep for 3.4423441390565346 seconds
睿騏漢堡店,臺北市大同區昌吉街37號1樓,121.5144459150068,25.065993583
sleep for 6.286479293308217 seconds
富滿堂豬腳極品專賣店,臺北市內湖區內湖路1段285巷10號,121.56402881500729,25.08278708
sleep for 3.490314526559478 seconds
真好吃小吃店,臺北市文山區木新路3段107號,121.5602873150053,24.981976783
sleep for 3.581811683248636 seconds
池田麵店,臺北市文山區景興路202巷17號2樓,121.54098581500548,24.99185058
sleep for 8.250572681586 seconds
Did not crawl 豐勝小吃店
tuple index out of range
Sleep for 1 minutes and continue to crawl
大龍林家麵店,臺北市大同區大龍街268號,121.51358721500694,25.070717183
sleep for 9.17767682445418 seconds
野薑花的店,臺北市大安區市民大道4段18號,121.54253921500647,25.044677483
sleep for 4.700370795042463 seconds
哲安鯊魚麵店,臺北市中山區遼寧街27號,121.54014631500655,25.047943883
sleep for 4.3991131016472345 seconds
多味堂小吃店,臺北市大安區樂業街45號,121.54789761500592,25.02265788
sleep for 7.259801890094228 seconds
麗珠小吃店,臺北市內湖區康寧路3段165巷12號,121.60967801500692,25.070864283
sleep for 5.59395991873273 seconds
玖肆貳餐坊,臺北市萬華區雙園街68號,121.4916134150062,25.030131683
sleep for 8.170393426301644 seconds
閃亮之星小吃店,臺北市文山區興隆路3段239號1樓,121.55694931500551,24.993200883
sleep for 7.346568422752433 seconds
長壽三好庵餐坊,臺北市松山區南京東路3段256巷20弄1號,121.5426234150065,25.0508168839
sleep for 7.171398149182265 seconds
伊馨小館,臺北市中山區伊通街65號,121.5327448150067,25.0515612839
sleep for 5.625162739262123 seconds
松林美而美早餐店,臺北市大安區延吉街154號,121.5526885150064,25.03956808396
sleep for 6.344250018219746 seconds
三三活力早餐店,臺北市文山區木新路3段122號,121.55989991500526,24.98214108
sleep for 4.529079857650408 seconds
宜津商行,臺北市內湖區江南街130號1樓,121.5732891150071,25.0761901839
sleep for 2.9178918987013205 seconds
小義城美食店,臺北市松山區八德路4段709巷2之3號,121.57476041500655,25.050473983
sleep for 9.443676434113641 seconds
恩花園小吃店,臺北市內湖區內湖路1段591巷10弄1之2號1樓,121.57082341500711,25.08163918
sleep for 3.684339065746614 seconds
永騰企業社,臺北市士林區文林路340之1號1樓,121.52346041500743,25.093214983
sleep for 8.88091536974666 seconds
七喜小吃店,臺北市中山區中原街20號1樓,121.52652201500673,25.056673183
sleep for 3.9514504101991106 seconds
小棧餐坊,臺北市松山區民生東路3段130巷6號1樓,121.54388691500675,25.05682278
sleep for 6.604296570576517 seconds
如昌豆漿店,臺北市文山區忠順街1段119號1樓,121.55770391500535,24.984320483
sleep for 7.065459757136265 seconds
佳珍自助餐店,臺北市文山區忠順街2段9號1樓,121.56025181500527,24.98475398
sleep for 8.043658699197572 seconds
泰讚小吃店,臺北市中正區信義路2段285號2樓,121.53022931500635,25.033841983
sleep for 2.517048846810182 seconds
上頂豬腳飯館,臺北市中山區松江路362巷42號1樓,121.52931651500673,25.06191028
sleep for 8.105991978299294 seconds
春喜碳火燒肉店,臺北市大安區復興南路2段156號1樓,121.54105351500614,25.02798488
sleep for 1.8091975309707915 seconds
陶屋小吃店,臺北市萬華區康定路25巷42號,121.50244901500643,25.04355328
sleep for 3.5901801972410747 seconds
香香小吃店,臺北市士林區延平北路6段89號1樓,121.50632451500742,25.08819278
sleep for 5.130743015813854 seconds
福皇宴港式美食小館,臺北市大安區四維路206號,121.545718815006,25.0264353839
sleep for 4.979756001466109 seconds
四維自助餐店,臺北市文山區木新路3段309號1樓,121.55483641500507,24.98056148
sleep for 3.9883419208797983 seconds
阿伯蛋包麵店,臺北市萬華區雙園街88號1樓,121.4908990150063,25.0307575839
sleep for 4.074146295900732 seconds
森小館小吃店,臺北市信義區忠孝東路4段559巷18號1樓,121.56155501500643,25.04240208
sleep for 4.1774729191211915 seconds
沅緣小吃店,臺北市中正區沅陵街13號2樓,121.50987231500643,25.04290398396
sleep for 7.850131429691329 seconds
君一排骨專賣店,臺北市松山區敦化北路155巷2號1樓,121.54790131500668,25.054436983
sleep for 4.551778949303375 seconds
李景魁早餐店,臺北市文山區興隆路3段112巷2弄33號1樓,121.55375811500562,24.9995468839
sleep for 3.36297783640794 seconds
秀真快餐店,臺北市內湖區內湖路1段323巷1弄2號1樓,121.56611841500724,25.08321618
sleep for 8.50067906142681 seconds
天天倈小吃店,臺北市中山區南京東路1段132巷13號1樓,121.52508951500656,25.05136128
sleep for 7.297217426866159 seconds
新天堂義大利麵廚房,臺北市大安區師大路59巷8號,121.5267991150061,25.023824683
sleep for 5.234034867337542 seconds
稻之鄉清粥自助餐店,臺北市士林區社正路47號,121.50757981500729,25.08897228
sleep for 4.8917540364103775 seconds
小草廚房,臺北市士林區忠誠路2段70巷16號1樓,121.52773061500788,25.11164478
sleep for 2.635893248980737 seconds
驛站小吃店,臺北市中山區遼寧街128巷1號1樓,121.53969911500667,25.05343348
sleep for 5.138875343542469 seconds
老哥水餃館,臺北市中山區錦州街247號,121.53187851500675,25.060463983
sleep for 6.438293607242918 seconds
富凱小吃店,臺北市萬華區和平西路3段198號,121.49490721500628,25.035183483
sleep for 2.505036602020274 seconds
蘭陽土鵝肉店,臺北市松山區南京東路5段72號1樓,121.55885211500656,25.05125958
sleep for 8.84260639722029 seconds
惠群餐廳,臺北市中山區林森北路138巷10號1樓,121.52269921500657,25.05148908
sleep for 1.8369854228505051 seconds
呂守崑早餐店,臺北市文山區興隆路2段244巷22號1樓,121.5510725150056,25.0002050839
sleep for 5.50180104176292 seconds
中華餡餅粥小吃店,臺北市萬華區昆明街211號1樓,121.50192161500634,25.0388956839
sleep for 8.394910271211883 seconds
華鈴清茶館,臺北市大同區民權西路308之1號1樓,121.50787561500685,25.06288798
sleep for 3.5253434298867097 seconds
富登餐廳,臺北市中山區復興北路48號地下室,121.54157941500657,25.049542983
sleep for 6.823244745009067 seconds
廷羽小吃店,臺北市大安區通化街47號1樓,121.55213451500624,25.03072678
sleep for 8.840969050839892 seconds
崟瑞行,臺北市中山區新生北路2段68巷11之2號,121.52458281500671,25.056452883
sleep for 2.8264038129811784 seconds
鼎岳工程企業社,臺北市大同區太原路112號1樓,121.5135613150066,25.052735983
sleep for 8.379521338351951 seconds
Did not crawl 克羅西歐飲食店
tuple index out of range
Sleep for 1 minutes and continue to crawl
和泰自助餐店,臺北市內湖區內湖路1段591巷6號1樓,121.57099091500723,25.08133498
sleep for 9.792153062598828 seconds
庭如餐館名店,臺北市內湖區港墘路70號1樓,121.57570531500728,25.08114898
sleep for 3.708616094725781 seconds
禾豐小吃店,臺北市松山區敦化北路165巷3號1樓,121.54801871500668,25.054877883
sleep for 4.649642316769308 seconds
紅亞鍋燒小吃店,臺北市松山區延壽街395號1樓,121.55523401500673,25.056503983
sleep for 3.4107545728126953 seconds
林記小南門排骨店,臺北市中正區中華路2段39巷4號,121.5048925150063,25.03489398397
sleep for 2.9600919669944936 seconds
永利小吃店,臺北市大同區大龍街196號,121.51366081500696,25.06940508
sleep for 9.887404326709284 seconds
世心早餐店,臺北市文山區木柵路1段73號,121.54430121500528,24.986997983
sleep for 5.779212056006306 seconds
貴隆餐館,臺北市萬華區貴陽街2段122號,121.50033151500637,25.039946783
sleep for 2.426617494530015 seconds
陳春葉早餐店,臺北市大同區延平北路2段174號1樓,121.50920201500675,25.058425683
sleep for 7.116272038801515 seconds
元氣小吃店,臺北市士林區天母東路50巷20之13號1樓,121.53097831500783,25.117447983
sleep for 2.0600466149570873 seconds
永旺美食坊,臺北市大安區和平東路2段271號1樓,121.54198161500614,25.025044183
sleep for 4.757047924934131 seconds
彩逸樓餐飲店,臺北市中山區南京東路1段120號地下1樓,121.52221068076886,25.05533484
sleep for 3.514106882365544 seconds
鹿港美食小吃店,臺北市內湖區文德路210巷30弄14號1樓,121.5823885150071,25.077251683
sleep for 1.6376671837198997 seconds
阿蘭小吃店,臺北市大安區光復南路280巷25號1樓,121.55414411500644,25.03968478
sleep for 7.851265340706339 seconds
金九龍商行,臺北市士林區中正路235巷8號,121.52387081500756,25.094680583
sleep for 6.173477460394057 seconds
橘色涮涮屋火鍋店大安分店,臺北市大安區大安路1段135號,121.54405521500644,25.03872438
sleep for 9.14702016650665 seconds
千樺行,臺北市松山區光復北路28號1樓,121.5554482150066,25.0492397839
sleep for 4.311626819910283 seconds
日暮里小吃店,臺北市大安區大安路1段220巷3號1樓,121.54369711500635,25.034338083
sleep for 8.626620114596918 seconds
賞音茶坊,臺北市中正區博愛路122號4樓之1,121.50920631500642,25.0433609839
sleep for 1.6722334309873077 seconds
米之屋小吃店,臺北市松山區三民路113巷6號1樓,121.56055981500685,25.05814548
sleep for 3.293145963642011 seconds
東晶企業商行,臺北市萬華區西園路2段342號1樓,121.48964391500606,25.02561568
sleep for 4.347904045315685 seconds
金麟早餐店,臺北市內湖區金湖路411號1樓,121.60236331500703,25.07316588
sleep for 8.953877810708503 seconds
民治小火鍋店,臺北市松山區三民路101巷2號1樓,121.56113791500671,25.057504683
sleep for 6.348039965730045 seconds
豬腳張小吃店,臺北市大同區民族西路296號,121.50887811500697,25.068531783
sleep for 9.871458655437602 seconds
華翠小吃店,臺北市萬華區長順街1號1樓,121.49053891500613,25.03020818
sleep for 5.824172692313537 seconds
菘山冰品店,臺北市信義區松山路119巷36號1樓,121.57760531500658,25.047360983
sleep for 9.436963364391495 seconds
千樂商行,臺北市信義區和平東路3段345號1樓,121.55458671500591,25.02065228
sleep for 5.882281432775022 seconds
冰可冷飲店,臺北市中正區紹興南街4號之10、1樓,121.52259221500653,25.04372478
sleep for 1.479568984816487 seconds
錦西早餐店,臺北市大同區錦西街88之1號,121.51676741500668,25.06017298
sleep for 9.149898341634282 seconds
佳記食品行,臺北市中山區民生西路45巷9弄27號1樓,121.51951381500689,25.05910968
sleep for 6.444305646260653 seconds
宏業早餐店,臺北市士林區社子街47號1樓,121.50526631500736,25.08760808
sleep for 1.6617550068518767 seconds
香津園小吃坊,臺北市內湖區民權東路6段90巷25弄5號,121.58425321500684,25.067452683
sleep for 6.7097331805504385 seconds
雲和泰小吃坊,臺北市松山區南京東路5段250巷3之5號1樓,121.5636152150066,25.0505523839
sleep for 2.297523037319465 seconds
川品小吃店,臺北市大安區復興南路1段107巷41號1樓,121.5438749150065,25.043655983
sleep for 7.477108920333243 seconds
八集鍋貼店,臺北市松山區八德路3段221號,121.55468671500653,25.04826768
sleep for 9.938022459463488 seconds
牛董牛肉麵食坊,臺北市北投區西安街1段369號1樓,121.51279811500784,25.11459778
sleep for 3.2756845849723613 seconds
欣雅冰品店,臺北市信義區永吉路278巷19號,121.5720937150066,25.044775383
sleep for 8.860741104073373 seconds
南台灣小吃店,臺北市南港區玉成街138號1樓,121.58101611500656,25.04500338
sleep for 1.2642107893110848 seconds
香天下牛肉麵店,臺北市北投區知行路317號,121.464852115008,25.1224242839
sleep for 9.386929346711973 seconds
親來商行,臺北市大安區和平東路2段118巷52弄14號1樓,121.54012561500606,25.02228938
sleep for 5.548776451745838 seconds
小愉村平價快炒店,臺北市中正區中華路2段311巷19號,121.50393791500609,25.028779083
sleep for 1.492517556167143 seconds
歐式吃吃看美食名坊,臺北市士林區中山北路6段772號1樓及2樓,121.52638851500792,25.11608618
sleep for 1.5209930808614518 seconds
甘家小吃店,臺北市內湖區康寧路3段189巷4號,121.61013571500698,25.07002828
sleep for 6.977552366216265 seconds
利旺工商服務社,臺北市中正區南昌路1段59巷15號,121.51532441500616,25.031164183
sleep for 7.764754278432123 seconds
一家川菜小館,臺北市中正區中華路2段305巷15號1樓,121.50328331500619,25.02942728
sleep for 7.472627360513396 seconds
張大媽小吃店,臺北市松山區市民大道5段125號1樓,121.56121731500653,25.047752883
sleep for 4.953644684165179 seconds
加味小吃店,臺北市松山區北寧路8號1樓,121.55058061500665,25.04864138396
sleep for 7.534273867383478 seconds
四芳小吃店,臺北市中山區一江街31號1樓,121.52942661500657,25.053352183
sleep for 5.985989314917486 seconds
佶利飲食坊,臺北市北投區中和街431號1樓,121.49561651500844,25.143904283
sleep for 7.51736843274515 seconds
韓江館小吃店,臺北市中正區羅斯福路3段316巷9弄6號1樓,121.52975461500591,25.01566828
sleep for 1.5505829175210526 seconds
永續咖啡館,臺北市大安區忠孝東路4段170巷6弄5號2樓,121.54778821500642,25.040975583
sleep for 5.131459677706247 seconds
米可企業社,臺北市內湖區環山路2段125號,121.5742116150074,25.0840709839
sleep for 1.6903030391489564 seconds
第一劇場魚丸店,臺北市松山區八德路4段96號1樓,121.55852571500652,25.04838188
sleep for 7.563148657796592 seconds
泰雅軒舍,臺北市內湖區內湖路1段437巷18號,121.57010811500717,25.08230788
sleep for 4.960160028020386 seconds
鋒典小吃店,臺北市中山區新生北路1段168號1樓,121.52527861500658,25.051605583
sleep for 6.318220388625958 seconds
千翔美食餐坊,臺北市中山區吉林路176之1號1樓,121.52786451500671,25.057217883
sleep for 9.041128602766339 seconds
壯圖早餐店,臺北市中山區遼寧街261號1樓,121.54007511500669,25.056564983
sleep for 7.021332937546095 seconds
村笠自助餐店,臺北市南港區研究院路2段45號1樓,121.61384101500659,25.044660183
sleep for 2.179450348225964 seconds
皆大歡喜素食店,臺北市中山區民生東路2段135號1樓,121.53019701500666,25.058150183
sleep for 5.232762234709957 seconds
東方美早餐店,臺北市內湖區康樂街147號1樓,121.61717291500702,25.071767483
sleep for 9.590871212827867 seconds
秀羽素食自助餐店,臺北市內湖區港墘路41號,121.57627551500714,25.081998183
sleep for 7.489574039552529 seconds
馥記小吃店,臺北市士林區德行西路60之1號1樓,121.52064761500762,25.105116183
sleep for 4.658676300161661 seconds
韓華屋小吃店,臺北市中正區南昌路1段96號1樓,121.51541551500617,25.030508683
sleep for 6.567500579148384 seconds
村亭小吃店,臺北市中山區中山北路1段105巷11號2樓,121.52066791500661,25.053806683
sleep for 4.162925845585324 seconds
北倉洞小吃店,臺北市中山區長安東路2段169之7號,121.53928031500664,25.04843388
sleep for 9.61304344631851 seconds
祥龍自助餐店,臺北市中山區民生西路45巷3弄21號1樓,121.51934111500674,25.05803978
sleep for 4.840104567803795 seconds
華珍燒臘快餐店,臺北市內湖區民權東路6段56巷33號,121.58373911500689,25.06726558
sleep for 4.957575042440113 seconds
麵皮厚小吃店,臺北市文山區興隆路2段42號1樓,121.54388731500556,24.99878488
sleep for 4.748347085573551 seconds
容盈商行,臺北市松山區八德路4段53號1樓,121.55739311500656,25.048493883
sleep for 1.923094348569199 seconds
大鑼鼓餐飲店,臺北市中正區中華路2段307巷7號,121.50329621500622,25.029009383
sleep for 5.49925314547168 seconds
雲集小吃店,臺北市內湖區民權東路6段76號,121.58328031500696,25.06869258
sleep for 1.8324717426484467 seconds
福生園韓式快餐店,臺北市中山區興安街53之2號,121.53945511500675,25.05617818
sleep for 6.5720128295820555 seconds
心頌餐坊,臺北市中正區懷寧街35號3樓,121.51206401500653,25.044890683
sleep for 2.3867965288158466 seconds
Did not crawl 興發廣東燒腊店
('Connection aborted.', ConnectionResetError(54, 'Connection reset by peer'))
Sleep for 1 minutes and continue to crawl
侃忞速食店,臺北市中山區大直街46巷1號1樓,121.54406631500719,25.08219908
sleep for 5.283619372027017 seconds
社正小吃店,臺北市士林區社正路38號1樓,121.50778411500727,25.08876208
sleep for 2.280300195695756 seconds
宇棟鵝肉擔小吃店,臺北市北投區明德路313號1樓,121.51846281500788,25.115283883
sleep for 6.812513781739589 seconds
旻旭小吃店,臺北市中山區中山北路2段36巷3號,121.52001601500676,25.05442648
sleep for 8.144226626259965 seconds
朝華行,臺北市松山區敦化北路165巷15號,121.54871111500668,25.054931183
sleep for 6.835513483437533 seconds
中研臭臭鍋店,臺北市南港區研究院路2段3之8號1樓,121.61366641500646,25.04746408
sleep for 8.914843743270339 seconds
良益碗粿小吃店,臺北市士林區福港街109號1樓,121.51598991500738,25.08848688
sleep for 7.559822875886455 seconds
田湘園小說出租店,臺北市松山區復興北路427巷18號1樓,121.54340091500681,25.06323318
sleep for 1.6029353873425531 seconds
芳家餐廳,臺北市大安區信義路4段136號,121.54768001500625,25.03306408
sleep for 7.1037500460665415 seconds
可可園早餐店,臺北市大安區羅斯福路3段251號1樓,121.527947315006,25.0191869839
sleep for 6.132701079571632 seconds
希劍牛肉麵舖子,臺北市內湖區成功路4段212號1樓,121.59370531500727,25.08456048
sleep for 2.7532071787620684 seconds
祥雲客家小館,臺北市松山區南京東路5段23巷9弄4號1樓,121.55573731500668,25.05271288
sleep for 5.854922877495599 seconds
新光饗喫麵餐坊,臺北市文山區新光路1段29號1樓,121.57172551500538,24.98933608
sleep for 1.1149260692717606 seconds
呷尚飽餐飲店,臺北市中山區天祥路6號1樓,121.51870311500676,25.060649583
sleep for 3.7142800407687533 seconds
家園北方小吃館,臺北市內湖區行善路25巷1弄15號1樓,121.57457001500683,25.056800683
sleep for 9.939682192349656 seconds
珍贊小吃店,臺北市士林區至誠路2段23號1樓,121.52755481500753,25.10203058
sleep for 6.348452172527939 seconds
尚介青小吃店,臺北市中正區中華路2段311巷16號,121.50400011500622,25.02854058
sleep for 4.412066400682045 seconds
楓橋涮涮鍋店,臺北市內湖區金湖路360號1樓,121.60198011500714,25.073716783
sleep for 2.227075252827579 seconds
湯品小吃店,臺北市中正區寧波西街87號之3(1樓),121.51345751500611,25.02997738
sleep for 4.2035598360384245 seconds
豪門海產店,臺北市大同區大龍街156號1樓,121.51364701500702,25.06797998
sleep for 7.570313638987326 seconds
極鮮食品行,臺北市文山區指南路2段127號1樓,121.57463151500545,24.98757198
sleep for 4.2505626917051185 seconds
潘蜜拉義麵舖,臺北市士林區天玉街2號1樓,121.52448051500798,25.119821583
sleep for 1.5715306967384461 seconds
佳順自助餐店,臺北市松山區八德路3段12巷5弄18號1樓,121.54905681500671,25.04760018
sleep for 9.294059559572979 seconds
頤園素食小館,臺北市內湖區內湖路1段91巷6號,121.55937851500725,25.084855983
sleep for 7.4480924102971455 seconds
丼之家餐坊,臺北市松山區民生東路4段82號1樓,121.55094611500674,25.05784488
sleep for 3.120793117282673 seconds
小蜜蜂豆花專賣店,臺北市中山區合江街14號,121.53679431500663,25.05503398
sleep for 9.1288952239954 seconds
圓環頂小吃店,臺北市大同區涼州街1之16號1樓,121.51319961500684,25.061162983
sleep for 2.570391206307832 seconds
山東老王豆漿店,臺北市內湖區成功路4段338號,121.59720471500725,25.08491358
sleep for 6.118401809214001 seconds
正義川菜餐廳,臺北市萬華區康定路25巷39之1號,121.50243671500647,25.04370468
sleep for 8.080452134723979 seconds
一心小吃店,臺北市北投區大同街43號1樓,121.49659611500822,25.133234883
sleep for 5.159606964073567 seconds
小樂沙茶火鍋店,臺北市萬華區西寧南路90巷3號,121.50351521500649,25.04217868
sleep for 6.958028014981923 seconds
函香雲南坊,臺北市松山區南京東路3段335巷5之1號,121.54530681500657,25.052496283
sleep for 7.987388874621028 seconds
小文小吃店,臺北市中山區民生東路1段86號,121.52466751500671,25.0578749839
sleep for 3.424820422884201 seconds
立農快餐店,臺北市北投區公館路423巷12號之1,121.50139631500804,25.120141183
sleep for 5.232632180872023 seconds
阿榮小吃店,臺北市中正區重慶南路1段13號1樓、開封街1段29號1樓,121.50874238076564,25.04520799
sleep for 8.805211428799673 seconds
阿誠小吃店,臺北市信義區忠孝東路4段559巷16弄7號1樓,121.56182901500642,25.04243528
sleep for 9.122854883804603 seconds
長旺燒臘店,臺北市北投區實踐街20號1樓,121.50585751500802,25.114889883
sleep for 6.166041716740821 seconds
靖安美食坊,臺北市中山區八德路2段269號1樓,121.53929261500647,25.047182583
sleep for 6.597301288724934 seconds
天饌齋小吃店,臺北市信義區松德路247號1樓,121.57263251500638,25.034299083
sleep for 4.191930088256418 seconds
九二刀削麵館,臺北市松山區三民路154號,121.56112771500683,25.061254883
sleep for 5.026509986417389 seconds
永俐餐飲店,臺北市松山區撫遠街304號1樓,121.56409261500673,25.06157798
sleep for 3.0203853940566 seconds
阿根早點店,臺北市內湖區金湖路3號1樓,121.59295711500727,25.08387228
sleep for 4.429267415825706 seconds
玲記小吃店,臺北市內湖區金湖路17號1樓,121.59331611500716,25.08346408
sleep for 2.176318516228215 seconds
冠品小吃店,臺北市北投區中央北路3段13號,121.48397041500839,25.13812088
sleep for 1.2684830683581918 seconds
荔星舫餐坊,臺北市文山區興隆路1段112號1樓,121.5391627150057,25.00257468398
sleep for 6.318816777687669 seconds
韓味韓式豆腐鍋店,臺北市中山區農安街245號1樓,121.52324181500677,25.06486468
sleep for 5.248133693095206 seconds
北台灣第一香小吃店,臺北市士林區延平北路5段148號1樓,121.50827501500723,25.082455083
sleep for 9.035755890207058 seconds
輝旺旺燒臘店,臺北市大安區安居街2號1樓,121.55303101500598,25.02142028
sleep for 4.823183712416191 seconds
堡蒂早餐店,臺北市萬華區長順街26號1樓,121.48767871500623,25.031761383
sleep for 2.0207917205347092 seconds
活醉蝦小吃店,臺北市信義區松山路515巷2弄19號,121.57703331500625,25.03825098
sleep for 5.29816533769913 seconds
東富樓美味小吃店,臺北市中正區羅斯福路2段10號1樓,121.51863111500612,25.028872783
sleep for 4.195476900722661 seconds
廣成小吃店,臺北市大安區杭州南路2段73號1樓,121.51989281500623,25.029183983
sleep for 5.5403605895274355 seconds
金雞排骨店,臺北市萬華區寶興街47號,121.49140531500613,25.027282883
sleep for 3.758162326980157 seconds
劉山東小吃店,臺北市中正區開封街1段14巷2號1樓,121.51157151500651,25.04571488
sleep for 8.108998968576325 seconds
御美來來涼麵店,臺北市內湖區康樂街73號,121.61641691500688,25.068972383
sleep for 3.2456800007903093 seconds
阿芬食品行,臺北市信義區光復南路417巷219號,121.55840761500626,25.036880283
sleep for 3.6052797265930923 seconds
美濃現作刀切牛肉麵館,臺北市大同區西寧北路19之2號,121.50656451500672,25.05270388
sleep for 3.641983732735166 seconds
加貝爾廚藝餐坊,臺北市中山區北安路837號,121.55509021500723,25.084728983
sleep for 8.961568388117634 seconds
亞宏食坊,臺北市北投區中和街242號1樓,121.49919131500833,25.13953098
sleep for 9.908885463406728 seconds
東陽飯包店,臺北市大同區長安西路232號1樓,121.51222431500668,25.05139438
sleep for 6.695011456723702 seconds
好聚會海鮮小吃,臺北市北投區大同街349號,121.49717441500842,25.14111878
sleep for 1.4484687095646058 seconds
佳味香小吃店,臺北市萬華區西寧南路70號地下之22,121.5043223150065,25.045194983
sleep for 9.709980107460153 seconds
億群餐廳,臺北市萬華區三水街106巷2號1樓,121.49638071500631,25.036084283
sleep for 2.745507117280661 seconds
芳琳小吃店,臺北市內湖區內湖路1段311號1樓,121.56534111500724,25.08233528
sleep for 3.4161509292670416 seconds
旺旺鋪雙人煮商店,臺北市大安區忠孝東路4段97號4樓,121.54580031500645,25.041779683
sleep for 2.5121084327100633 seconds
伍柒玖牛肉麵店,臺北市信義區吳興街245號1樓,121.56136841500611,25.02735788
sleep for 6.584102320219531 seconds
分水嶺音樂餐坊,臺北市大安區文昌街123號1樓,121.54977991500616,25.03278818
sleep for 9.385879665475617 seconds
布查花園餐飲店,臺北市大安區金華街199巷1弄1號1樓,121.52602931500617,25.030376883
sleep for 9.134327577887293 seconds
公園餡餅粥小吃店,臺北市信義區虎林街164巷19號,121.57350741500633,25.03881338
sleep for 1.1762406369711385 seconds
慶貓餐廳,臺北市中山區林森北路159巷44號,121.52435701500652,25.05146578
sleep for 2.6262019523067193 seconds
錦香陳家涼麵店,臺北市松山區南京東路5段123巷29號1樓,121.5584684150066,25.0527947839
sleep for 3.1709772633082127 seconds
希臘左巴小吃店,臺北市大安區羅斯福路3段283巷7弄16號1樓,121.52877651500597,25.018813883
sleep for 5.690722119548824 seconds
吉園葡小吃店,臺北市北投區竹子湖路26號,121.53680831500918,25.178430983
sleep for 1.8369685602834247 seconds
京園素食館,臺北市中山區松江路330巷22號1樓,121.52992721500678,25.061098883
sleep for 7.248086840767691 seconds
育珊燒腊店,臺北市內湖區內湖路1段437巷4弄8號1樓,121.5698289150072,25.0812488839
sleep for 2.0644995043822174 seconds
鼎工小吃坊,臺北市松山區敦化北路155巷11號1樓,121.54824771500677,25.05418608
sleep for 1.9179584990232548 seconds
草山文化溫泉餐廳,臺北市北投區行義路260巷1號,121.52681531500824,25.136336983
sleep for 1.140365134455434 seconds
欽豪商行,臺北市大安區復興南路2段151巷37號,121.54301561500624,25.02851128
sleep for 3.6898523471769407 seconds
新富小吃店,臺北市大安區安和路2段186號1樓,121.54787711500606,25.02493928
sleep for 9.155548233904375 seconds
元素飲食坊,臺北市中山區農安街35之1號1樓,121.52317521500693,25.064994483
sleep for 3.7278839653442253 seconds
香玲飲酒店,臺北市萬華區廣州街223巷7號1樓,121.4967898150064,25.0369951839
sleep for 8.658774549659654 seconds
阿才商行,臺北市北投區磺港路18號,121.50017281500813,25.13310718
sleep for 7.560404150424656 seconds
榮震小吃店,臺北市南港區忠孝東路5段801號1樓,121.57979631500643,25.04464998
sleep for 9.686182012955575 seconds
我的義大利義式餐坊,臺北市松山區敦化北路50巷19號1樓,121.54547991500668,25.050556483
sleep for 8.29000005203521 seconds
亨奇食品器具行,臺北市北投區明德路277號1樓,121.52014861500793,25.114845283
sleep for 5.535204192309241 seconds
伊億通小吃店,臺北市中山區伊通街66之4號1樓,121.53241691500658,25.052689183
sleep for 6.4946966176298675 seconds
伊通麵館,臺北市中山區伊通街41之1號1樓,121.5326948150066,25.0508753839
sleep for 7.270157627205678 seconds
好菜場担擔麵,臺北市文山區興隆路1段225號1樓,121.54834311500574,25.00143918
sleep for 1.0623739636005527 seconds
九震餐館,臺北市中山區雙城街21號地下1樓,121.5221736150069,25.0657960839
sleep for 2.7484619998400124 seconds
良美鵝肉小吃店,臺北市南港區忠孝東路6段294號,121.58743061500651,25.04916748
sleep for 1.056903789138404 seconds
池鄉快餐店,臺北市中正區中華路2段385號,121.5056148150061,25.026342883
sleep for 4.960568769425212 seconds
金芳客家小館,臺北市松山區南京東路5段250巷2弄5號1樓,121.56421481500665,25.050880683
sleep for 4.132286554565161 seconds
諾貝爾美食店,臺北市大安區敦化南路1段329巷10號1樓,121.54691411500609,25.03426598
sleep for 2.8783025421499646 seconds
二子山拉麵部屋,臺北市士林區中山北路6段738號,121.5259699150079,25.1154391839
sleep for 9.842324434694945 seconds
金鱻蝦捲店,臺北市文山區興隆路2段197號,121.54740641500567,25.00089348
sleep for 3.1943918518244763 seconds
金葉雲南小館,臺北市松山區八德路2段366巷45弄3號1樓,121.54397181500656,25.04648348
sleep for 3.2096196424281103 seconds
老溫大餛飩麵店,臺北市文山區興隆路3段112巷1號,121.55512931500552,24.9988924839
sleep for 9.366741403547348 seconds
林家南港炒牛肉店,臺北市南港區興東街7之1號,121.61062131500677,25.055737783
sleep for 1.4744424124735416 seconds
萬美全自助餐店,臺北市萬華區康定路189號1樓,121.49940201500627,25.036415683
sleep for 4.5857962602970606 seconds
風雅築養生舒活館,臺北市中正區青島東路4之7號1樓,121.51926541500653,25.04387488
sleep for 3.474410132810777 seconds
巷子義大利麵鋪,臺北市松山區民生東路5段144巷4號,121.55969831500678,25.05847098
sleep for 3.912264249449967 seconds
蕭記小吃店,臺北市大同區延平北路3段77號1樓,121.50889731500683,25.066934983
sleep for 7.338604252836191 seconds
泓億小吃店,臺北市中山區興安街78之13號1樓,121.53914281500683,25.05600018
sleep for 3.1891803119534385 seconds
貝斯特咖啡館,臺北市內湖區瑞光路76巷47號,121.57845881500707,25.070351183
sleep for 7.958689719810358 seconds
頂香早餐店,臺北市萬華區昆明街297之5號,121.50131331500641,25.03596718
sleep for 5.286100796174757 seconds
韓中小吃店,臺北市大安區忠孝東路4段181巷50號1樓,121.54859781500645,25.04436098
sleep for 8.440026356878136 seconds
喝坐棧小吃店,臺北市士林區大北路28號1樓,121.52410161500738,25.08990718
sleep for 6.84817931676471 seconds
建國小吃店,臺北市大安區建國南路1段350號1樓,121.53524081500618,25.03424998
sleep for 5.899977228700093 seconds
阿輝鵝肉小吃店,臺北市大安區和平東路3段308巷28號,121.553486315006,25.0198716839
sleep for 3.509486756325215 seconds
佳香全自助餐店,臺北市大同區延平北路3段25號1樓,121.50906541500679,25.06437998
sleep for 2.7022964766311763 seconds
陳記專業麵線店,臺北市萬華區和平西路3段166號,121.4960282150062,25.03515698397
sleep for 9.879027493480192 seconds
府城排骨飯館,臺北市大安區富陽街138號1樓,121.55457221500602,25.01894368
sleep for 8.339276632816546 seconds
十二燒小吃店,臺北市大安區延吉街62巷6弄2號1樓,121.55164491500648,25.043621583
sleep for 9.52606749791564 seconds
翔贊小吃店,臺北市北投區竹子湖路31之1號,121.53675181500891,25.170769783
sleep for 6.941698425956372 seconds
金菠蘿複合餐坊,臺北市士林區天母東路8巷27之5號,121.53014731500791,25.116972983
sleep for 3.9493457096730116 seconds
凱紅小吃店,臺北市中山區中原街127號1樓,121.52690621500675,25.063806383
sleep for 8.400897709627575 seconds
民生泰小吃店,臺北市松山區北寧路36號1樓,121.55058381500662,25.04947318
sleep for 7.96597202716294 seconds
青島排骨小吃店,臺北市中正區青島東路3之3號1樓,121.52392211500653,25.043058083
sleep for 5.594861070237084 seconds
呆呆煲小吃店,臺北市士林區德行東路190巷3號1樓,121.52905521500766,25.10832748
sleep for 6.990590107032678 seconds
和記小吃店,臺北市士林區天母東路8巷27之1號,121.53014731500791,25.116972983
sleep for 8.352594074807776 seconds
雙連鵝肉小舘,臺北市大同區民生西路171巷2號,121.51503991500675,25.05741008
sleep for 8.515832498489583 seconds
好吉米餐盒店,臺北市內湖區環山路1段63號,121.56602951500732,25.08630188
sleep for 9.613608872279068 seconds
金英小吃店,臺北市士林區天母東路8巷27之7號1樓,121.53014731500791,25.116972983
sleep for 6.555907600660146 seconds
傳統阿婆甜不辣店,臺北市大安區延吉街131巷41號1樓,121.55355781500647,25.042964183
sleep for 4.099293063158762 seconds
五福小吃店,臺北市萬華區萬大路322巷78號,121.49604651500609,25.024586983
sleep for 4.528941754661261 seconds
遠億小吃店,臺北市北投區裕民一路40巷7號1樓,121.51576531500791,25.11628548
sleep for 6.632376174717363 seconds
香港富記燒臘店,臺北市士林區德行東路127號1樓,121.52675711500771,25.108016583
sleep for 4.921482407439622 seconds
河岸留言音樂咖啡屋,臺北市中正區羅斯福路3段244巷2號地下層,121.52912461500587,25.017089183
sleep for 1.3421531342066224 seconds
好味屋小吃店,臺北市內湖區瑞光路277號1樓,121.57460531500713,25.07548798
sleep for 6.559986549541157 seconds
民芳小吃店,臺北市松山區三民路139號1樓,121.56089671500686,25.06054798
sleep for 8.05427621776705 seconds
茗人茶坊,臺北市士林區通河街139號,121.51880801500715,25.08092078
sleep for 3.683518756803199 seconds
漢奇肉羹店,臺北市北投區光明路56號,121.4977471150082,25.132732683
sleep for 9.307003150369212 seconds
樂華小吃店,臺北市內湖區內湖路1段591巷6號,121.57099091500723,25.08133498
sleep for 3.992887920261743 seconds
源味軒小吃店,臺北市內湖區金龍路75號,121.59004531500725,25.08529598
sleep for 8.070068309654948 seconds
續緣軒,臺北市萬華區三水街137號1、2樓,121.49567901500637,25.03621688
sleep for 6.259748232935044 seconds
青軒餐坊,臺北市大安區安和路2段8號1樓,121.55006111500617,25.032570283
sleep for 5.527837330897308 seconds
秉豐企業社,臺北市萬華區峨眉街28號5樓,121.50464131500637,25.04343388
sleep for 4.279717836717791 seconds
戀的回憶小吃店,臺北市萬華區西寧南路70號地下12、13,121.50374546500649,25.04353403
sleep for 2.678181660060581 seconds
葉味香企業社,臺北市中正區北平西路6號9樓之6,121.5174067150065,25.0470298839
sleep for 3.13293127169422 seconds
第一早餐店,臺北市中正區林森南路2之1號1樓,121.52079421500645,25.04433098
sleep for 6.431837371613574 seconds
北投老又新牛肉麵店,臺北市內湖區成功路4段204號,121.59335121500725,25.08449698
sleep for 6.275211999900492 seconds
自生食堂,臺北市大安區建國南路1段198號,121.53510871500642,25.0400114839
sleep for 5.667630818672803 seconds
巴黎布雷斯特麵包坊,臺北市大安區金華街243巷25號,121.52810201500621,25.03099388
sleep for 6.16435651409428 seconds
愛知味小吃店,臺北市中正區牯嶺街28號,121.51399771500613,25.03028088
sleep for 2.9029017759235014 seconds
巧果子美食坊,臺北市士林區美崙街78號1樓,121.51975251500751,25.097113783
sleep for 5.6995199557071725 seconds
一心麵店,臺北市大安區杭州南路2段61之24號1樓,121.52009431500612,25.03024988
sleep for 4.5904914897963724 seconds
黃記魯肉飯小吃店,臺北市中山區中山北路2段183巷28號,121.52191651500694,25.06367268
sleep for 8.142147061795397 seconds
花果喫茶坊,臺北市松山區南京東路3段335巷21之6號1樓,121.54635691500671,25.05383608
sleep for 1.6592624064816373 seconds
麥亨堡早餐店,臺北市中山區松江路23號之3、1樓,121.53102031500653,25.04691898
sleep for 5.53126857877611 seconds
大中華粥麵館,臺北市中山區長安東路2段129巷5號,121.5338726150066,25.04896928396
sleep for 4.593290935636268 seconds
人人素食麵館,臺北市中山區一江街56號1樓,121.52920241500667,25.05431348
sleep for 1.3124426509076719 seconds
福珍小吃店,臺北市大同區華陰街42之13號1樓,121.51371871500662,25.050089183
sleep for 1.9542038325971367 seconds
有志壹同小吃店,臺北市信義區吳興街284巷20弄26號1樓,121.56061521500614,25.025068183
sleep for 6.124538167626771 seconds
愛加倍小舖,臺北市文山區萬美街1段19巷5之1號1樓,121.56646831500566,25.00193798
sleep for 2.37511227678207 seconds
黃永發商店,臺北市萬華區三水街90號1樓,121.49842411500634,25.036075983
sleep for 3.929614942687592 seconds
香佳鯕魚米粉湯店,臺北市萬華區廣州街152巷6號,121.49833521500632,25.0363002839
sleep for 7.3339670601572475 seconds
留連小吃店,臺北市大安區復興南路1段253巷15號1樓,121.54205211500636,25.03687208
sleep for 3.8522901150927025 seconds
寶島肉圓店,臺北市文山區羅斯福路5段136號,121.53659671500574,25.005897683
sleep for 8.165947330956666 seconds
鯕魚丸小吃店,臺北市中山區興安街51之4號1樓,121.53915621500674,25.05629688
sleep for 6.160269415098636 seconds
和瑞安豆漿店,臺北市大安區瑞安街69號1樓,121.53925031500619,25.028552983
sleep for 5.732725858290906 seconds
盧記上海小吃店,臺北市中山區民生東路2段115巷5號,121.52950421500671,25.058365683
sleep for 2.8462358390684814 seconds
鑫鮮魚丸店,臺北市士林區福德路25號1樓,121.52292441500744,25.0920293839
sleep for 6.4977726695581906 seconds
包饌小吃店,臺北市文山區福興路60巷4號,121.54836101500565,25.00369248
sleep for 3.0238213048412033 seconds
開元企業社,臺北市北投區清江路245巷26號,121.50023881500823,25.126064883
sleep for 6.366348312800647 seconds
品季水餃專賣店,臺北市中正區汀州路3段143號1樓,121.52891931500592,25.016047383
sleep for 6.447375417073774 seconds
天母林岡山羊肉店,臺北市士林區德行東路109巷35號,121.52606601500776,25.10879438
sleep for 7.645831965594877 seconds
固鄉小吃店,臺北市士林區士東路266巷5弄12號1樓,121.53508681500796,25.112360983
sleep for 1.524756981415746 seconds
劍潭肉圓王小吃店,臺北市士林區承德路4段12巷38號1樓,121.5180607150071,25.08050178395
sleep for 5.015884406914107 seconds
金沙塔小吃店,臺北市大安區忠孝東路4段216巷40弄4號,121.5505679150064,25.039368283
sleep for 8.804407427121898 seconds
佳家早餐店,臺北市北投區大同街288號1樓,121.49731701500848,25.140777383
sleep for 6.915906787893197 seconds
乃文小吃店,臺北市中山區遼寧街73號1樓,121.54011051500656,25.0493421839
sleep for 4.589599183570235 seconds
麵線大王小吃店,臺北市北投區大興街107號1樓,121.5004178150082,25.130982783
sleep for 6.542899931938438 seconds
水中鮮小吃店,臺北市內湖區成功路4段305、307號1樓,121.5941462150072,25.0843735839
sleep for 9.638161560279446 seconds
橘果綜合咖啡餐坊,臺北市中正區延平南路171巷6之1號1樓,121.50578531500625,25.03463318
sleep for 5.229619986150132 seconds
徠北港小吃店,臺北市大同區平陽街44號,121.51315341500668,25.055324683
sleep for 2.6032923036488946 seconds
山葡萄牛奶埔藥燉小店,臺北市萬華區桂林路118號1樓,121.49718741500632,25.038349483
sleep for 9.052424330662209 seconds
豪園燒臘店,臺北市中正區濟南路2段62巷3號,121.53012921500634,25.04001488
sleep for 6.804918825404123 seconds
林胖子牛肉麵店,臺北市萬華區東園街16號,121.49340991500617,25.027596183
sleep for 2.445813450873563 seconds
夢幻幾何泡沫紅茶坊,臺北市南港區中坡北路18號,121.57928831500654,25.04485298
sleep for 5.307036337873288 seconds
Did not crawl 翅王飲食店
tuple index out of range
Sleep for 1 minutes and continue to crawl
正浩早餐店,臺北市文山區忠順街1段141號1樓,121.55852281500539,24.98446178
sleep for 7.064485013876741 seconds
全之鄉飲食店,臺北市中山區天津街29號1樓,121.52051691500648,25.048702883
sleep for 3.84137856139262 seconds
工農漢堡店,臺北市信義區忠孝東路5段236巷12號1樓,121.56955931500637,25.03996998
sleep for 4.281853473219647 seconds
光輝早點小吃店,臺北市萬華區西園路1段242號1樓,121.49587431500623,25.03209188
sleep for 4.914814435558478 seconds
香品美食號,臺北市萬華區長泰街1號1樓,121.49926501500607,25.02296508
sleep for 3.7918327849023212 seconds
永春精緻早餐店,臺北市信義區虎林街82巷84號1樓,121.57333331500658,25.04326528
sleep for 6.984349449842714 seconds
七國小吃店,臺北市北投區北投路2段7號,121.49707531500815,25.13048698
sleep for 5.2507176880144755 seconds
永春素食店,臺北市信義區虎林街82巷22號1樓,121.57451411500642,25.043226483
sleep for 7.536944211152992 seconds
貴妃小吃店,臺北市北投區裕民一路40巷17號地下樓,121.51568851500792,25.11579508
sleep for 3.1773952360196676 seconds
上和小吃店,臺北市南港區重陽路160號1樓,121.59859581500666,25.05708668
sleep for 1.6073473768691726 seconds
龍緣小吃店,臺北市大同區重慶北路2段17號1樓,121.5122777150067,25.054706783
sleep for 7.241603876570306 seconds
大馬肉骨茶小吃店,臺北市信義區莊敬路325巷43之1號1樓,121.56257831500614,25.029143183
sleep for 3.2898935544665644 seconds
發現生活園藝休閒花園,臺北市北投區竹子湖路35之1號,121.53133131500903,25.171817883
sleep for 9.99237100564173 seconds
辣鴛鴦火鍋小吃店,臺北市大安區信義路4段335巷3號1樓,121.55402851500628,25.033627883
sleep for 6.1766710335709645 seconds
日尚企業社,臺北市中正區忠孝東路2段104號1樓,121.52856281500648,25.04266728
sleep for 2.8563651664640775 seconds
阡品可口美漢堡店,臺北市中正區紹興北街10之1號1樓,121.52315571500661,25.045558083
sleep for 2.3267915023310204 seconds
亞亞餐坊,臺北市萬華區東園街156號1樓,121.495632915006,25.02280678397
sleep for 9.366323874167692 seconds
八斗子小吃店,臺北市內湖區環山路1段96號,121.56552551500734,25.08652248
sleep for 6.683771903032331 seconds
郁婷越式小館,臺北市中正區中華路2段393號1樓,121.50580991500611,25.026196883
sleep for 4.990773122067516 seconds
齒留香湯包專賣店,臺北市信義區虎林街132巷43號1樓,121.5731170150065,25.0402065839
sleep for 7.617187711709552 seconds
米拉親子生活館,臺北市中正區中華路2段75巷18號1樓,121.50456691500627,25.033547383
sleep for 4.3886382402081185 seconds
天和德豆漿店,臺北市信義區虎林街82巷20號1樓,121.57457831500639,25.043204383
sleep for 6.9406657708790105 seconds
大家好港式粥粉麵飯小吃店,臺北市松山區八德路4段245巷50之1號1樓,121.56214741500646,25.050338483
sleep for 9.140426188284215 seconds
黃金咖哩小吃店,臺北市信義區松山路538號之1，1樓,121.5758374150063,25.037867883
sleep for 4.521609531499209 seconds
奉茶美食館第一分館,臺北市中山區中山北路1段140巷6之1號2樓,121.52066791500661,25.053806683
sleep for 6.87637440644583 seconds
九金快餐店,臺北市士林區克強路2號1樓,121.52266141500772,25.10890488
sleep for 3.784305856011223 seconds
熊記小吃店,臺北市中正區羅斯福路2段126號1樓,121.52049231500614,25.02608188
sleep for 1.7548237228583266 seconds
奉茶美食館第二分館,臺北市中山區中山北路1段140巷6號1樓,121.52041371500671,25.056326683
sleep for 4.966582445361716 seconds
先定味小吃店,臺北市中山區錦州街25號1樓,121.52309601500677,25.060417283
sleep for 5.589555322466039 seconds
泰之泰小館,臺北市大安區光復南路290巷29號1樓,121.55414301500636,25.03927638
sleep for 9.025246069543304 seconds
萬佳鄉複合式早餐店,臺北市南港區興中路26號1樓,121.60494891500682,25.055389183
sleep for 3.9448939659483746 seconds
田緣小吃店,臺北市大安區東豐街2號1樓,121.5419255150063,25.0359187839
sleep for 6.613562367322386 seconds
虹品鍋貼水餃專賣店,臺北市中正區牯嶺街41之3號1樓,121.51424641500613,25.030223083
sleep for 6.805965215107186 seconds
美滿小吃店,臺北市松山區延壽街87號1樓,121.56476361500668,25.0572531839
sleep for 2.317121634822259 seconds
歌王咖啡飲料館,臺北市松山區新中街9號,121.55831761500674,25.057645083
sleep for 7.9433629540569894 seconds
歡喜金仙小吃店,臺北市中山區錦州街453號,121.54121071500681,25.060310983
sleep for 3.8798837168689735 seconds
鴻力商行,臺北市文山區景華街76號,121.54298001500547,24.99504728
sleep for 1.2465689553119685 seconds
鵝大媽小吃店,臺北市文山區景興路235號10樓之1,121.54154311500554,24.991234383
sleep for 8.665414642918375 seconds
避難所小吃店,臺北市大安區敦化南路1段236巷36號2樓,121.54635991500645,25.04044478
sleep for 1.7448404998230724 seconds
圓環頂香菇肉羹,臺北市南港區同德路49號,121.58245181500646,25.04559688
sleep for 6.071454800183789 seconds
活悅小吃店,臺北市士林區中山北路5段505巷34號1樓,121.52458251500742,25.092980883
sleep for 1.0219825013349053 seconds
朱媽媽精緻美食店,臺北市大安區敦化南路1段270巷22號,121.5462016150063,25.0368265839
sleep for 7.093347165234768 seconds
九龍港式燒腊餐廳,臺北市松山區八德路3段213號1樓,121.55450201500648,25.048229283
sleep for 1.2647636544189893 seconds
吉將實業社,臺北市松山區復興北路369號9樓之3,121.5425276150069,25.0626922839
sleep for 8.525242827726315 seconds
左賀食堂,臺北市北投區知行路293巷9弄7號,121.46470581500809,25.12162718
sleep for 5.455108872408177 seconds
大姊麵店,臺北市信義區永吉路30巷178弄2號,121.56537881500647,25.041478283
sleep for 6.676662491264866 seconds
五二七美食店,臺北市松山區南京東路4段133巷8弄2號,121.55275331500663,25.053023883
sleep for 5.172003364056307 seconds
金盃早餐店,臺北市中山區龍江路410號,121.53869531500689,25.06751998
sleep for 7.108480002384358 seconds
富億小吃店,臺北市內湖區內湖路1段437巷6號,121.56994251500718,25.08195678
sleep for 5.802790749282236 seconds
日瑞商行,臺北市松山區敦化北路244巷39號,121.54530991500678,25.061018083
sleep for 8.012171076879635 seconds
省錢大作站生活百貨行,臺北市信義區虎林街132巷12號,121.57430951500639,25.04040508
sleep for 1.44402597402873 seconds
海峰商行,臺北市中正區延平南路224號,121.50515771500626,25.034194883
sleep for 1.5976446292167035 seconds
美儷坊,臺北市中山區新生北路2段137巷61號1樓,121.52742881500679,25.06132438
sleep for 9.488857179393602 seconds
小魚兒小吃店,臺北市北投區義理街10號,121.5129075150079,25.116040283
sleep for 9.146422816957667 seconds
長春四神湯店,臺北市中山區吉林路132號,121.52780151500671,25.05526348
sleep for 8.802286400216818 seconds
金梅花小吃店,臺北市南港區昆陽街157巷15號,121.59251651500655,25.05004708
sleep for 5.832178600988462 seconds
呷寶寶早餐店,臺北市萬華區莒光路212號,121.49870531500625,25.031338983
sleep for 9.76846388891159 seconds
漾漾餐坊,臺北市中山區中山北路2段65巷19之1號1樓,121.52216191500672,25.05712538
sleep for 2.770030392129833 seconds
阿丁小吃店,臺北市北投區實踐街70號,121.50801121500785,25.115160083
sleep for 4.923909895758557 seconds
二五九池上飯包店,臺北市中山區松江路259巷2號1樓,121.53162281500681,25.059469883
sleep for 2.005098764807361 seconds
阿慶美食坊,臺北市大安區安和路2段34號,121.5500264150062,25.03161808397
sleep for 7.507170284263224 seconds
二條通飲食店,臺北市中山區中山北路1段33巷1號,121.52063851500661,25.05269238
sleep for 1.958039450862457 seconds
牛霸小吃店,臺北市北投區北投區公館路13號,121.5005571150082,25.133350383
sleep for 5.016638211740336 seconds
麵癡食坊,臺北市內湖區內湖路1段285巷23號,121.56480081500729,25.08304668
sleep for 9.979569810311169 seconds
水木林藝品輕食店,臺北市信義區景雲街22號,121.571585415006,25.0193801839
sleep for 2.429800356421018 seconds
白帝城川式滷味,臺北市中正區水源里羅斯福路4段136巷8號,121.53329351500584,25.01261328
sleep for 2.6447545340597554 seconds
阿文牛肉麵店,臺北市大安區羅斯福路3段17巷7號,121.5232627150061,25.0241714839
sleep for 7.276983013018924 seconds
玉瀧谷綠菜園,臺北市北投區竹子湖路8之16號,121.53859161500912,25.178672783
sleep for 8.5889225870784 seconds
艾萊克小吃店,臺北市中山區南京東路1段132巷5號1樓,121.52510431500671,25.051548683
sleep for 3.762303270113454 seconds
緯大雞排店,臺北市松山區北寧路34號,121.55055301500661,25.04938048
sleep for 5.304875574150951 seconds
府城鵝肉小吃店,臺北市信義區吳興街271號,121.56190961500606,25.0267798839
sleep for 5.763233270487355 seconds
馬克夢想家營養早餐,臺北市士林區忠誠路2段130巷12號1樓,121.52943901500778,25.114381383
sleep for 3.7614811359960236 seconds
叁柒小吃店,臺北市中山區遼寧街37號1樓,121.54007541500653,25.048591383
sleep for 3.916356521200073 seconds
歡樂購小吃店,臺北市內湖區內湖路1段411巷13號1樓,121.56902631500724,25.0822659839
sleep for 1.3609940517059087 seconds
大老爺私房菜館,臺北市中山區長春路348之6號1樓,121.53941791500665,25.05444888
sleep for 7.739018491360881 seconds
金三福排骨小吃店,臺北市南港區忠孝東路7段615號,121.61313571500668,25.053275383
sleep for 6.239514155594644 seconds
清香園坊,臺北市北投區竹子湖路54之1號,121.53234731500892,25.173995783
sleep for 1.1053269495880387 seconds
芳俞小吃店,臺北市大同區安西街37號,121.50787961500687,25.060124483
sleep for 4.130810651026771 seconds
十四咖啡店,臺北市大安區仁愛路4段345巷4弄14號,121.55114401500646,25.03885138
sleep for 5.062543337709235 seconds
捌捌小吃店,臺北市北投區大興街88號,121.50034271500823,25.130722483
sleep for 1.3439913637597085 seconds
西湖西式早餐店,臺北市內湖區內湖路1段285巷15號,121.56480501500722,25.08268338
sleep for 7.340194470918604 seconds
長欣飲食坊,臺北市北投區中和街246號1樓,121.49912131500838,25.13959898
sleep for 6.355846004854069 seconds
新光小吃店,臺北市松山區新東街9巷1號1樓,121.56367591500675,25.057992683
sleep for 5.586482065911008 seconds
天椒小吃店,臺北市大安區復興南路2段84號,121.5410724150062,25.030861783
sleep for 8.002148023576606 seconds
湧濬小吃店,臺北市士林區天母東路43巷4弄3號,121.53041541500792,25.11875828
sleep for 4.595466578690093 seconds
天誠小吃店,臺北市中正區忠孝西路1段45號,121.51569781500653,25.04635858
sleep for 4.652553272400002 seconds
穩鑫餐廳,臺北市中山區中山北路1段83巷22號,121.52063851500661,25.05269238
sleep for 8.384474520807334 seconds
日品壽司小吃店,臺北市大安區市民大道4段136之3號,121.54941801500651,25.044266183
sleep for 1.597648506166213 seconds
韓亭館烤肉飯,臺北市中山區大直街28號1樓,121.54410731500731,25.081572983
sleep for 4.979102808872601 seconds
金家福燒臘店,臺北市內湖區內湖路1段65號,121.5580934150073,25.084984583
sleep for 4.916149337160965 seconds
活力廚房小吃店,臺北市內湖區內湖路1段387巷3弄8號,121.56871051500713,25.082331783
sleep for 5.156198144434621 seconds
心悅小吃店,臺北市大安區和平東路2段98之1號,121.53938351500612,25.024849983
sleep for 6.645864454781656 seconds
江記排骨飯館,臺北市內湖區內湖路1段93之1號,121.55926721500728,25.08452328
sleep for 4.409298946848819 seconds
史巴可義大利麵館,臺北市信義區吳興街53號,121.5581498150061,25.0311132839
sleep for 4.730648339644012 seconds
瑞娟早餐店,臺北市中山區林森北路133巷58號,121.52467081500662,25.050634483
sleep for 1.019429154210294 seconds
明川家企業社,臺北市松山區民生東路4段54號6樓之11,121.54888621500679,25.05771318
sleep for 7.1743847072079 seconds
高巢餐坊,臺北市中山區林森北路85巷90號地下樓,121.52581041500656,25.04900418
sleep for 3.496237113923293 seconds
陳家燒臘店,臺北市士林區士東路100號1樓士東市場第105號攤,121.52735931500787,25.11184238
sleep for 7.719411555788443 seconds
椰子林溫泉會舘,臺北市北投區行義路269號,121.5255646150083,25.137624583
sleep for 4.431597071781306 seconds
羅丹薩咖啡館,臺北市內湖區民權東路6段280巷11號,121.60297591500688,25.071854383
sleep for 8.440821067284947 seconds
福好吃雞肉小吃店,臺北市松山區八德路4段289號,121.56387651500657,25.049221883
sleep for 7.384598284791467 seconds
肥老闆羊肉羹麵店,臺北市中正區南陽街15之6號,121.51396901500647,25.04438248
sleep for 1.9500807486833145 seconds
奇謀小館,臺北市信義區松隆路8號1樓,121.56438331500644,25.042963283
sleep for 9.251845231631556 seconds
本艾餐廳,臺北市中山區林森北路145巷44號,121.52438331500662,25.051089983
sleep for 7.629196404320718 seconds
金寶小吃店,臺北市大同區民權西路245巷25號,121.50823541500684,25.06385748
sleep for 8.245528032723492 seconds
歡喜魯肉飯小吃店,臺北市信義區吳興街156巷22弄2號,121.55853381500611,25.02867228
sleep for 6.424784575709972 seconds
波奇餐坊,臺北市中山區中山北路1段83巷5之2號,121.52063851500661,25.05269238
sleep for 5.698605457556029 seconds
榛品小吃店,臺北市內湖區港墘路88號,121.57531431500723,25.080605383
sleep for 9.48629539741923 seconds
中村日光小料亭,臺北市大同區南京西路18巷6弄8號,121.51751031500662,25.051964983
sleep for 7.4654112842132845 seconds
伊歌複合式餐飲店,臺北市中山區雙城街32巷18號1樓,121.52082911500702,25.06616248
sleep for 1.4918210244328742 seconds
蘿絲瑪莉義麵坊,臺北市中山區南京西路12巷13弄9號,121.51972431500651,25.051714983
sleep for 8.929961623675167 seconds
千微餐飲店,臺北市南港區興中路58號,121.60471741500679,25.05656738
sleep for 2.6163968024984263 seconds
往日情懷咖啡專賣店,臺北市士林區中山北路7段154巷7號1樓,121.53089461500795,25.12261928
sleep for 4.282286348692909 seconds
緣緣小吃坊,臺北市北投區中央北路3段108號,121.48163711500844,25.13767438
sleep for 2.6265975471729024 seconds
台灣比特實業社,臺北市士林區士商路171號,121.51483911500763,25.09462808
sleep for 2.9609713225939402 seconds
一二六小吃店,臺北市北投區中央北路3段126號,121.48110411500829,25.13742848
sleep for 6.162940797646218 seconds
品皇日式涮涮鍋店,臺北市大安區忠孝東路4段210之1號,121.55045431500632,25.04122498
sleep for 7.357371187061063 seconds
將軍居酒屋,臺北市中山區林森北路145巷24號,121.52386231500654,25.051221383
sleep for 6.013704122799982 seconds
大阪根丼屋,臺北市中山區松江路235巷35號,121.53275991500676,25.058929383
sleep for 7.544344942257776 seconds
萬媽媽麵店,臺北市中山區林森北路133巷51號,121.52471211500657,25.05074108
sleep for 7.231922021553579 seconds
松德早餐店,臺北市信義區松德路211號1樓,121.57262731500633,25.03519498
sleep for 7.342771514999557 seconds
長季水餃專賣店,臺北市萬華區武昌街2段83之7號1樓,121.50294431500657,25.04525398
sleep for 7.677014046288988 seconds
士德便當店,臺北市士林區福德路8號,121.5238093150074,25.0924979839
sleep for 5.541213435631339 seconds
贏展小吃店,臺北市大同區大龍街241號,121.51378701500694,25.071140583
sleep for 4.362231341449328 seconds
鑫鑫鋐素食坊,臺北市萬華區內江街48號1樓,121.50312731500645,25.041528983
sleep for 2.005277533967507 seconds
名弘餐飲店,臺北市中正區南昌路1段74巷18之3號1樓,121.51490621500622,25.03105328
sleep for 1.0991056837388373 seconds
高馬克餐坊,臺北市松山區八德路3段12巷4弄5之1號1樓,121.54812901500657,25.047471383
sleep for 5.195183448527782 seconds
品菓工坊,臺北市松山區復興北路313巷39號1樓,121.5445496150067,25.0590531839
sleep for 3.6846874070499944 seconds
大華小吃店,臺北市中山區遼寧街47號,121.5400835150066,25.0488394839
sleep for 4.837783471205796 seconds
長晴小吃店,臺北市中山區錦州街394號,121.53906921500672,25.06007988
sleep for 2.725133739043436 seconds
孝先小吃店,臺北市北投區裕民六路114巷25號,121.51613191500792,25.114403683
sleep for 6.664575036367418 seconds
蜀國小吃店,臺北市中山區松江路64巷5號,121.53008121500653,25.04911718
sleep for 8.642648209751858 seconds
拿里早餐店,臺北市內湖區麗山街348巷17號,121.57153371500716,25.08188428
sleep for 3.2726141371569613 seconds
海灘串燒屋,臺北市松山區光復北路60巷46號,121.55309791500645,25.049881083
sleep for 7.271433259527781 seconds
王德福滷担坊,臺北市文山區木新路3段357號1樓,121.5534197150051,24.9802442839
sleep for 6.44188395055219 seconds
外雙溪餐廳,臺北市士林區中社路1段7號,121.55791321500787,25.112022783
sleep for 5.959836312986495 seconds
昇洋企業社,臺北市大安區光復南路676巷18號,121.55412061500623,25.03071638
sleep for 5.684327121832668 seconds
三馬食品行,臺北市中山區龍江路394巷48號,121.53686031500705,25.067094983
sleep for 1.9079695006257171 seconds
月姐小吃店,臺北市中山區松江路26巷1之1號,121.53034571500646,25.04717678
sleep for 8.036270611082909 seconds
貝斯特早餐店,臺北市士林區中正路235巷4號,121.52378181500758,25.094961583
sleep for 3.878096497981494 seconds
臺北德芳美早餐店,臺北市信義區福德街268巷41號,121.58315031500646,25.04050298
sleep for 2.9254904934398414 seconds
京京小吃店,臺北市萬華區華西街26巷10弄7號,121.49587591500637,25.03767508
sleep for 3.4219625449254227 seconds
婕熙漢堡店,臺北市大安區建國南路2段13號,121.53613931500621,25.032772983
sleep for 7.809413782871883 seconds
桃子日式小吃屋,臺北市萬華區雙園街106巷30號,121.49021601500613,25.0305123839
sleep for 1.6721505474382887 seconds
上林美而美早餐店,臺北市松山區新東街28之4號1樓,121.56387421500676,25.0593628839
sleep for 6.243902140019484 seconds
大師兄牛肉麵,臺北市大安區金山南路2段151號,121.52444241500613,25.029349483
sleep for 7.093563002883182 seconds
Did not crawl 辰美自助餐店
tuple index out of range
Restart time exceed, break the loop
477 succeess
remaining 7823
