Error occurred during loading data. Trying to use cache server https://fake-useragent.herokuapp.com/browsers/0.1.11
Traceback (most recent call last):
  File "/opt/homebrew/Caskroom/miniforge/base/lib/python3.8/site-packages/fake_useragent/utils.py", line 154, in load
    for item in get_browsers(verify_ssl=verify_ssl):
  File "/opt/homebrew/Caskroom/miniforge/base/lib/python3.8/site-packages/fake_useragent/utils.py", line 99, in get_browsers
    html = html.split('<table class="w3-table-all notranslate">')[1]
IndexError: list index out of range
一品佳小吃店,臺北市大同區民權西路256號,121.51018191500678,25.062723083
sleep for 1.432163896536188 seconds
牙齒肉圓小吃店,臺北市文山區興隆路3段112巷2弄16號,121.55454191500557,24.99931488
sleep for 4.31733901031149 seconds
幾分熟厚切牛排食坊,臺北市士林區福港街225號,121.51550421500718,25.08487778
sleep for 7.094559761406767 seconds
桂姐臭豆腐,臺北市中山區龍江路193號,121.53852551500668,25.055849883
sleep for 1.3292897908568462 seconds
正峰早餐店,臺北市松山區寶清街32號,121.56560251500655,25.052551683
sleep for 2.1270886700686567 seconds
咖食堂商店,臺北市中正區八德路1段82巷9弄13號,121.56272491500665,25.05002648
sleep for 4.58019956766662 seconds
灶腳自助餐,臺北市北投區中央南路1段24號,121.49919551500815,25.132693383
sleep for 3.9980497556111985 seconds
德益小吃店,臺北市松山區八德路4段206號,121.56199921500652,25.048726383
sleep for 7.129111593434012 seconds
湘品麵食店,臺北市內湖區內湖路1段323巷4弄3號1樓,121.56559211500728,25.08285958
sleep for 5.690725388457051 seconds
牡丹花日式涮涮鍋,臺北市南港區中坡南路45號,121.58147631500634,25.04298598
sleep for 5.313831105508094 seconds
芝山鵝肉店,臺北市士林區德行西路95號1樓,121.51912091500768,25.10438958
sleep for 9.58141746243575 seconds
可味小吃店,臺北市中山區民權東路2段2號,121.52580071500687,25.062410083
sleep for 9.762486826558835 seconds
飄香小吃店,臺北市中正區忠孝東路2段134巷26號,121.52954391500637,25.04070648
sleep for 7.159460744879693 seconds
御品早餐店,臺北市中山區一江街60之2號,121.52918541500675,25.054449483
sleep for 1.48827239823839 seconds
多桑小吃店,臺北市士林區雨聲街185、187、189號,121.53152421500758,25.102048283
sleep for 4.448913522201906 seconds
桔兔小鋪,臺北市士林區承德路4段50號1樓,121.52036721500716,25.081382083
sleep for 8.397047441544478 seconds
川樂料理店,臺北市松山區南京東路5段23巷6弄8號,121.55610851500671,25.05211718
sleep for 1.997451751861024 seconds
阿偉師鵝肉小吃店,臺北市萬華區漢口街2段53巷9號,121.50424191500647,25.04625968
sleep for 9.86558180105503 seconds
Did not crawl 酌屋燒肉居酒屋
tuple index out of range
Sleep for 1 minutes and continue to crawl
品湘小吃店,臺北市內湖區內湖路1段411巷15號,121.56907691500714,25.0823597839
sleep for 5.853258947872578 seconds
龍丼亭,臺北市文山區興隆路3段36巷10號,121.55296981500561,25.00001378
sleep for 2.6074771179653955 seconds
純子餐廳,臺北市中山區林森北路145巷42號,121.52429981500669,25.051109783
sleep for 1.8866114880873153 seconds
妍而美早餐店,臺北市中山區一江街58號,121.52922221500664,25.054342283
sleep for 7.736225911656753 seconds
弁品早餐店,臺北市中山區一江街44號1樓,121.52922461500677,25.05399778
sleep for 7.485514109779008 seconds
大姆指早餐店,臺北市中山區一江街24號,121.5292383150066,25.052872083
sleep for 1.2400219358210252 seconds
欣鮮早餐坊,臺北市內湖區康寧路1段188號,121.59276021500712,25.07867368
sleep for 8.094403014227186 seconds
鳳鄉早餐店,臺北市萬華區寶興街27號,121.49076971500617,25.027844583
sleep for 3.1584974133090937 seconds
心中有樹素食店,臺北市信義區吳興街44之1號,121.55781261500611,25.03119588
sleep for 8.96813200090864 seconds
安盛早餐吧,臺北市文山區景福街10號1樓,121.53711531500554,24.99959998
sleep for 3.7302096902602737 seconds
福園小館,臺北市北投區實踐街70號1樓,121.50801121500785,25.115160083
sleep for 2.0193811409632505 seconds
三四郎串燒,臺北市信義區松山路340號,121.57540311500645,25.041622183
sleep for 1.775946383552612 seconds
Did not crawl 十方緣養生素食
tuple index out of range
Sleep for 1 minutes and continue to crawl
晨櫻廚房,臺北市萬華區武昌街2段114之4號(2樓),121.5026885150065,25.045065683
sleep for 2.6337233996726517 seconds
紅厝客家小吃店,臺北市松山區八德路4段245巷32弄36號,121.56107141500652,25.04995718
sleep for 1.14268450749992 seconds
錦州美而美小吃店,臺北市中山區錦州街38號,121.52302191500692,25.060208583
sleep for 2.0058731707171957 seconds
客滿堂小吃店,臺北市松山區八德路3段189號1樓,121.55385861500662,25.04819238
sleep for 2.4400699328971633 seconds
藍色小吃店,臺北市松山區八德路4段208號1樓,121.56207631500652,25.04872878
sleep for 3.3263589273082323 seconds
田園料理店,臺北市南港區東新街8之1號,121.58117711500655,25.04993348
sleep for 9.18774434311609 seconds
弘翔實業社,臺北市大同區重慶北路1段15巷8號(4樓),121.51183371500652,25.04996958
sleep for 9.255044592782616 seconds
鮨樂和酒坊,臺北市松山區長春路498號,121.5452543150066,25.054359383
sleep for 4.60133346192767 seconds
川鍋魯旦茶酒菜館,臺北市中山區建國北路2段16號,121.53424491500667,25.05283618
sleep for 2.2335211248063076 seconds
永興早餐店,臺北市北投區永興路2段4號,121.49913431500835,25.139793983
sleep for 6.893022696811006 seconds
梅花小吃店,臺北市文山區新光路1段34之1號,121.57141131500549,24.989317883
sleep for 6.799873626508446 seconds
阿弟熱炒店,臺北市士林區延平北路5段280號,121.50766911500735,25.08541318
sleep for 7.739771536344134 seconds
尊賢養生坊,臺北市北投區尊賢街247之6號,121.504776815008,25.11739728393
sleep for 6.2027319672348336 seconds
元氣食府餐館,臺北市大安區復興南路1段253巷48號,121.54338301500636,25.036704583
sleep for 2.925962968336788 seconds
松禾小吃店,臺北市文山區木新路3段233號1樓,121.55678191500532,24.98114438
sleep for 3.8987644148304548 seconds
菊屋小吃店,臺北市文山區羅斯福路5段229號,121.53705351500572,25.00179328
sleep for 1.2091690865648568 seconds
朱哥小吃店,臺北市中山區錦州街30巷2號,121.52252761500675,25.060005783
sleep for 7.868797011521546 seconds
憶馬當鮮美食坊,臺北市大安區和平東路2段118巷61號,121.54073271500606,25.02229168
sleep for 7.165119418760024 seconds
陶之醉小吃屋,臺北市士林區中正路658號1樓,121.50543341500726,25.08652008
sleep for 5.696544480230188 seconds
勝記油飯小吃店,臺北市北投區知行路316巷3號,121.465089915008,25.12265478393
sleep for 3.4983887981795254 seconds
米拉圖鳥花園西式餐坊,臺北市大同區重慶北路3段14號,121.5112096150069,25.064835083
sleep for 7.636643072960634 seconds
福滿來小吃店,臺北市中山區農安街202號,121.53384401500693,25.064513683
sleep for 1.9729932258359877 seconds
臨江日式創意料理小吃店,臺北市大安區臨江街141號,121.55119521500615,25.03047318
sleep for 3.3260644947254834 seconds
晨光養生粥,臺北市中正區和平西路1段14之1號,121.51929681500611,25.026739583
sleep for 4.4495620013911905 seconds
亞克曼精緻早餐店,臺北市士林區大東路138號1樓,121.52331511500749,25.09199408394
sleep for 3.2828182350307493 seconds
艾比小屋美食坊,臺北市信義區吳興街156巷1號1樓,121.55888811500606,25.028685883
sleep for 7.827193037019473 seconds
貴子燒腊店,臺北市松山區復興北路427巷9號,121.54270571500695,25.06343248
sleep for 3.4364183608077004 seconds
禾津小吃店,臺北市中山區長安東路2段220號,121.54037611500652,25.04816618
sleep for 7.498392376251621 seconds
碎碎唸飲料店,臺北市內湖區內湖路1段285巷15號,121.56480501500722,25.08268338
sleep for 5.145267102380641 seconds
築村壽司屋,臺北市內湖區內湖路3段85號,121.58911961500735,25.0861219839
sleep for 8.583147560684278 seconds
百和餐坊,臺北市內湖區陽光街275號,121.57834071500709,25.07408048
sleep for 6.1887135160539435 seconds
公寓小吃店,臺北市文山區指南路2段56號,121.57325721500537,24.98760868
sleep for 3.8344969671631137 seconds
早登豆漿店,臺北市信義區大道路67號,121.58027631500643,25.04110398
sleep for 2.2491213033830073 seconds
世紀獨樹義閣工作室,臺北市松山區民生東路4段80巷1弄2號,121.55092841500674,25.05754798
sleep for 4.047376637396504 seconds
黃金麵線行,臺北市松山區民權東路3段160巷15號,121.54561191500672,25.060583383
sleep for 2.650813172555388 seconds
享宴小廚,臺北市內湖區東湖路106巷12號,121.61313801500681,25.06814948
sleep for 9.201053492943316 seconds
敦南幸福自助餐,臺北市大安區敦化南路2段63巷47號,121.54907161500624,25.03106858
sleep for 4.011152316775184 seconds
豐龍便當店,臺北市信義區莊敬路287號,121.56084461500618,25.02885948
sleep for 4.205887453336238 seconds
康寧九九早餐屋,臺北市內湖區康寧路3段99巷8弄2號,121.60811011500698,25.072083283
sleep for 7.312229112240582 seconds
路易仕餐坊,臺北市萬華區中華路1段76巷29之1號,121.50581401500642,25.045886383
sleep for 9.122125274708063 seconds
大城美食坊,臺北市萬華區桂林路18號1樓,121.50345131500625,25.037556183
sleep for 6.95016173443519 seconds
真好香菇肉羹店,臺北市北投區石牌路1段166巷129號1樓,121.51331141500769,25.116011083
sleep for 2.547305031471642 seconds
老趙刀切麵,臺北市大安區信義路4段60之56號,121.54353771500618,25.03313838
sleep for 6.571716409742226 seconds
煇伯鴨肉焿麵,臺北市北投區中和街355號,121.4968493150084,25.141645883
sleep for 8.717565085493824 seconds
安立小吃店,臺北市信義區信義路6段104號1樓,121.5756023150063,25.035797983
sleep for 1.2764786681158466 seconds
Did not crawl 沛緹小吃店
tuple index out of range
Sleep for 1 minutes and continue to crawl
小黃義大利麵,臺北市北投區立農街1段269號1樓,121.50354031500794,25.11951588
sleep for 9.813542513362584 seconds
油花餐飲鋪,臺北市大安區敦化南路2段63巷53弄7號,121.54945801500622,25.031491583
sleep for 4.7967097652600055 seconds
好公道點心店,臺北市大安區永康街28之1號,121.52728221500615,25.030692983
sleep for 7.252511306442769 seconds
義麵盒子餐坊,臺北市中山區撫順街10之2號,121.51893061500691,25.06353348
sleep for 8.580017209234224 seconds
一品巧廚小館,臺北市士林區德行東路8號,121.52315191500776,25.10647698
sleep for 7.865319179517775 seconds
彩杏餐廳,臺北市中山區林森北路85巷17號1樓,121.52349631500651,25.049805983
sleep for 9.511914967735922 seconds
歐家宴私房菜餐館,臺北市中山區民權東路2段92巷7弄19號、21號,121.53019631500672,25.0608873839
sleep for 8.981435072181501 seconds
金和壽司店,臺北市萬華區三水街99號,121.49990041500632,25.036145683
sleep for 1.1653690065883253 seconds
西湖黑記排骨飯,臺北市內湖區內湖路1段203巷5號,121.56148001500722,25.083974783
sleep for 6.847468762492181 seconds
鴻興餃子館,臺北市大安區永康街6之6號,121.52745411500626,25.03238368
sleep for 5.227234798304344 seconds
徐淮人家美食餐廳,臺北市中山區遼寧街45巷2號,121.54026911500664,25.048714583
sleep for 5.533731674879144 seconds
舊莊蚵仔麵線店,臺北市南港區舊莊街1段177號,121.61937241500634,25.0393003839
sleep for 9.84207835077563 seconds
全寶記燒臘店,臺北市萬華區梧州街48之1號,121.49533031500637,25.03619698
sleep for 2.712713843061978 seconds
李家牛肉麵,臺北市內湖區金龍路236號,121.58425451500737,25.088491783
sleep for 2.893760484463225 seconds
湘鼎坊小吃店,臺北市大安區基隆路2段184巷1號1樓,121.55098331500615,25.025192283
sleep for 8.152395340579655 seconds
陳媽媽麵店,臺北市大安區延吉街138巷1號,121.55262741500644,25.039749283
sleep for 5.871971235154496 seconds
台怡商行,臺北市大安區永康街37之2號,121.52739721500612,25.03071738
sleep for 9.728962089353027 seconds
欣匠小吃店,臺北市大安區泰順街6號1樓,121.5292273150061,25.025717983
sleep for 2.6020819953024743 seconds
海味豐小吃店,臺北市萬華區內江街140之2號1樓,121.5005653150064,25.0415769839
sleep for 1.5396579886530963 seconds
堡國味民精緻早餐店,臺北市中正區羅斯福路3段78號,121.52413571500598,25.02198428
sleep for 1.891179475070703 seconds
嘉穎小吃店,臺北市中山區民權東路2段113巷1弄1號,121.53226911500686,25.063206883
sleep for 8.749483530266971 seconds
佳湘意麵小吃店,臺北市松山區塔悠路6號,121.56927311500667,25.050350883
sleep for 2.5456005165671716 seconds
金豪家快餐,臺北市士林區雨農路25之2號,121.53004031500755,25.098550983
sleep for 3.4114834796957334 seconds
雙連切仔麵,臺北市大同區民生西路213號1樓,121.51409451500663,25.05723818
sleep for 6.452819370514858 seconds
巷仔內日式小吃,臺北市內湖區康寧路1段48巷10號1樓,121.58967121500709,25.07997998
sleep for 8.142327324538327 seconds
元素手工漢堡專賣店,臺北市信義區基隆路2段39巷23號,121.55731241500627,25.03071528
sleep for 8.93365550436448 seconds
魯士漢堡店,臺北市北投區新興路160號1樓,121.48459901500841,25.138896383
sleep for 4.399860875337022 seconds
永丰小吃店,臺北市大安區信義路4段30巷7弄11號,121.54304421500618,25.032898483
sleep for 9.741537793435898 seconds
酸辣粉小吃店,臺北市信義區永吉路30巷158弄1號1樓,121.56641431500634,25.0424709839
sleep for 4.466931587563574 seconds
仔仔豆漿店,臺北市中山區錦州街123號,121.52663471500671,25.060463683
sleep for 1.5279078440801246 seconds
老炳記小吃店,臺北市中山區吉林路224號,121.52784531500664,25.059075183
sleep for 6.8274952154679465 seconds
大賀麵食館,臺北市大安區羅斯福路3段333巷2號(1樓),121.53034031500592,25.01715598
sleep for 3.038376691490813 seconds
元佐壽司屋,臺北市內湖區康寧路1段49號,121.58984091500716,25.08042048
sleep for 5.3337759634244915 seconds
達酷企業社,臺北市中正區懷寧街106之1號,121.51173231500657,25.041909983
sleep for 7.8682928814108095 seconds
千人早餐專賣店,臺北市北投區明德路35號1樓,121.5155928150077,25.1074394839
sleep for 4.524195507176909 seconds
泰和商行,臺北市信義區莊敬路206號1樓,121.55924901500616,25.030325983
sleep for 7.811490572997679 seconds
鄞家小館,臺北市松山區八德路3段12巷15之1號,121.54866151500647,25.045535783
sleep for 8.817392861086962 seconds
阿明餐飲工作室,臺北市松山區八德路2段373號1樓,121.5427363150065,25.047951583
sleep for 7.498156553277963 seconds
就這樣早餐店,臺北市南港區成功路1段28號1樓,121.58838211500688,25.06360908
sleep for 3.5464007694970974 seconds
澤之屋飲食館,臺北市中正區重慶南路1段112號,121.51122741500657,25.046893083
sleep for 5.217813910284647 seconds
御全壽司屋,臺北市中山區民生東路2段115巷38號,121.5293686150067,25.0598283839
sleep for 8.581016837869448 seconds
船屋小吃店,臺北市南港區新民街55號,121.60961571500665,25.055745883
sleep for 5.673510932838807 seconds
寶華小吃店,臺北市大安區金華街118之8號,121.52475571500614,25.029999983
sleep for 5.497907882686182 seconds
寶師傅私房牛肉麵坊,臺北市大同區哈密街59巷14號,121.51345991500709,25.0744510839
sleep for 3.1196827890040604 seconds
錢瑾小吃店,臺北市大安區羅斯福路3段95號,121.52415911500611,25.022586083
sleep for 6.542599806523584 seconds
歌詠餐坊,臺北市中山區天祥路5號地下室,121.51895641500676,25.06068568
sleep for 8.200723275980303 seconds
香和牛排館,臺北市中山區長安西路40巷2弄8號,121.51799251500665,25.0498644839
sleep for 5.009508754062056 seconds
亞米斯美食餐坊,臺北市大同區承德路3段229號,121.51651871500695,25.07053678
sleep for 1.7320742766727948 seconds
太福商行,臺北市松山區八德路3段8巷29號,121.54758951500654,25.04635428
sleep for 4.579486804757545 seconds
台灣味烏龍麵店,臺北市南港區舊莊街1段3巷12弄2號,121.61598221500644,25.042332083
sleep for 3.5563944108536503 seconds
威緹絲商行,臺北市大安區東豐街69號1樓,121.54567011500644,25.03615568
sleep for 8.166405107449357 seconds
鎮記小館,臺北市士林區天母東路8巷31弄4號,121.529819615008,25.1167684839
sleep for 8.435015941280561 seconds
天璽小吃店,臺北市北投區裕民二路39號,121.51475511500799,25.11521848
sleep for 4.032005709072523 seconds
鉅鼎商行,臺北市中正區市民大道1段100號台北地下街商場輕食區第22號店鋪,121.5100903751376,25.0491466358
sleep for 8.842552490472581 seconds
珊蒂店,臺北市大同區錦西街53巷18號,121.51361741500686,25.06069298
sleep for 5.255165650189596 seconds
亞興食堂,臺北市士林區忠義街8號1樓,121.52734581500778,25.10551048
sleep for 3.2137020775829317 seconds
筱芸的早餐店,臺北市中山區中山北路2段115巷23號1樓,121.52184411500681,25.06094398
sleep for 7.30087738341544 seconds
麥香美早餐店,臺北市文山區興隆路3段185號,121.55798331500553,24.99604688
sleep for 7.355837296628101 seconds
雍記小館,臺北市內湖區康寧路3段16巷121號,121.60757651500704,25.07115378
sleep for 8.594829491747081 seconds
吉珍小館,臺北市文山區景福街11號,121.53689571500564,24.99929248
sleep for 3.0255785151800376 seconds
亞記越南生牛肉河粉,臺北市內湖區麗山里內湖路1段437巷4弄9號,121.5698289150072,25.0812488839
sleep for 7.137432941369545 seconds
富遠商行,臺北市中正區黎明里南陽街17巷5號,121.51425211500643,25.04421878
sleep for 5.250697469025089 seconds
海陸海鮮店,臺北市士林區延平北路5段77號1樓,121.50836111500723,25.0807956839
sleep for 1.3775572427667329 seconds
新藍鍋貼小吃店,臺北市中山區南京西路12巷15號,121.51934051500659,25.05137678
sleep for 5.621948208905627 seconds
曉傑小吃店,臺北市中山區長安東路1段53巷22號,121.52604691500649,25.04811008
sleep for 9.992160434925893 seconds
阿瑪翠斯廚房,臺北市松山區南京東路3段335巷15號,121.54530791500666,25.05299638
sleep for 1.8849048691927957 seconds
章安商行,臺北市大安區大安路1段84巷4號,121.5436983150064,25.040940583
sleep for 4.005864780547142 seconds
欣欣大眾魷魚焿錦州分店,臺北市中山區錦州街241巷1弄20號,121.53249811500672,25.06064638
sleep for 1.417938459088277 seconds
榮冠美食坊,臺北市中山區錦州街438號1樓,121.54072841500668,25.060030983
sleep for 7.836797390977994 seconds
元第小吃店,臺北市信義區吳興街231號,121.56120271500625,25.027669183
sleep for 3.311384643432542 seconds
湄賽小吃店,臺北市大安區和平東路2段118巷39號1樓,121.54079321500603,25.023252483
sleep for 7.073036100390597 seconds
閔香小吃店,臺北市大安區四維路210號,121.54570881500614,25.02625918
sleep for 6.327678787508927 seconds
小陶鍋精緻火鍋,臺北市北投區中央北路2段159號,121.4913323150083,25.137538983
sleep for 1.5666931886162945 seconds
麗萍商店,臺北市大同區延平北路2段255號,121.50916911500677,25.06243468
sleep for 7.24195537358294 seconds
韓石鍋韓式料理,臺北市中正區羅斯福路3段40號,121.52311231500596,25.022941383
sleep for 2.299107315562542 seconds
浣熊與愛美麗鍋貼水餃專賣店,臺北市文山區木新路2段211巷10弄11號,121.56566881500524,24.982580283
sleep for 6.2260207796630205 seconds
吉祥小吃店,臺北市松山區光復北路103巷8號,121.5562156150066,25.0508625839
sleep for 6.866375608827117 seconds
裕佳餐飲食品行,臺北市士林區社正路50號,121.50827221500747,25.088783583
sleep for 3.47884430268699 seconds
信義大道涮涮鍋,臺北市大安區信義路3段3號,121.53104261500624,25.03383808
sleep for 4.199902461101233 seconds
柏亨小吃店,臺北市中山區遼寧街185巷19號,121.54117461500661,25.05339408
sleep for 1.317226500631464 seconds
魚菜小吃店,臺北市松山區南京東路5段250巷5之2號1樓,121.56367631500666,25.04999898
sleep for 2.501858963974906 seconds
芝香小吃店,臺北市信義區忠孝東路5段143號,121.56587781500646,25.04123088
sleep for 4.027356942017823 seconds
白金小吃店,臺北市大安區安居街60巷2號,121.551462615006,25.0199467839
sleep for 4.847330622691194 seconds
雷斯理廚房,臺北市大安區復興南路2段160巷11號1樓,121.54033211500622,25.027912983
sleep for 4.728199380514319 seconds
漫動作咖啡館,臺北市中山區中山北路1段33巷20弄6號,121.52063851500661,25.05269238
sleep for 2.3561425148479955 seconds
秋的戀小吃店,臺北市中山區合江街170巷30號,121.53582581500679,25.06063598
sleep for 9.430619484795956 seconds
喜樂壽司館,臺北市松山區南京東路5段123巷1弄21號1樓,121.5574897150067,25.052208383
sleep for 5.606853248345669 seconds
永康三四小吃店,臺北市大安區永康街34號,121.52726181500623,25.03005588
sleep for 4.985008175664546 seconds
柏騰小吃店,臺北市文山區新光路1段34號,121.57141131500549,24.989317883
sleep for 2.4084800264049466 seconds
林和財食品店,臺北市北投區大興街9巷3號,121.49537801500819,25.130102283
sleep for 7.530551105366066 seconds
玖玖玖餐坊,臺北市中山區建國北路2段94號,121.53432281500672,25.05710038
sleep for 8.11297013327173 seconds
敦煌和漢小吃店,臺北市北投區東陽街424號,121.5161264150078,25.112432983
sleep for 8.450877033820774 seconds
麥灶小吃店,臺北市中山區松江路100巷9之1號,121.52960441500655,25.05115008
sleep for 9.791795958888741 seconds
快樂人生小吃店,臺北市中山區中原街109號,121.52685541500682,25.061566383
sleep for 6.48813305072023 seconds
東鉅美食店,臺北市中正區牯嶺街52號,121.51478721500624,25.029177283
sleep for 6.599241870917349 seconds
吉鮮小吃店,臺北市中山區吉林路387號1樓,121.5282997150068,25.0654729839
sleep for 8.233793893976902 seconds
梓乙香餐廳,臺北市中山區林森北路107巷9號1樓,121.52332451500656,25.050357783
sleep for 4.858725604373608 seconds
老泉養生休閒農場,臺北市文山區老泉街26巷27號,121.56599611500503,24.9707206840
sleep for 5.944244279146443 seconds
加洲小吃店,臺北市松山區三民路113巷5之4號,121.56102271500686,25.05795068
sleep for 4.468535219841577 seconds
一知萬麵食館,臺北市中正區濟南路2段6之1號1樓,121.52977031500642,25.04009918
sleep for 1.6458043473732884 seconds
喜橙早餐吧,臺北市信義區忠孝東路5段703巷2號,121.57793431500646,25.042656983
sleep for 6.0919013883896405 seconds
滇味小館,臺北市大安區羅斯福路3段283巷8號,121.52946081500592,25.01821488
sleep for 4.78206756335771 seconds
奇可店,臺北市松山區南京東路4段75巷14之2號,121.55144321500674,25.05238058
sleep for 9.972174012709843 seconds
港記小吃店,臺北市中山區長安東路1段48之1號1樓,121.5253524150065,25.0483220839
sleep for 3.4974157969629616 seconds
松隆滷肉飯,臺北市信義區松隆路72號,121.56680451500647,25.04435108
sleep for 5.999029825010794 seconds
元寶之家小吃店,臺北市松山區八德路4段72巷4號,121.55786521500654,25.04801968
sleep for 6.217365226199207 seconds
真川味小吃館,臺北市萬華區康定路25巷42之1號1樓,121.5024753150064,25.04354098396
sleep for 1.5728429098727275 seconds
檸檬樹小吃店,臺北市中山區中山北路2段77巷8之5號,121.52280011500675,25.057187083
sleep for 2.6313528899771286 seconds
宸綺小吃店,臺北市文山區景美街1之1號,121.53958121500541,24.9939699839
sleep for 1.8183236007786716 seconds
國興小吃店,臺北市萬華區國興路2號1樓,121.5066933150062,25.0250279839
sleep for 6.322607989158042 seconds
三大牛肉麵館,臺北市大同區大龍街5號,121.51385991500678,25.06336968
sleep for 5.568773948672579 seconds
慶祝小吃店,臺北市松山區延壽街16號,121.56663751500682,25.057214783
sleep for 9.589239198533226 seconds
巧米廚房,臺北市內湖區瑞湖街82號,121.57381731500692,25.07243368
sleep for 7.940937102914185 seconds
立業餐飲店,臺北市中山區德惠街22號1樓,121.52317081500685,25.06661398
sleep for 4.344676167044325 seconds
董老爹早餐店,臺北市大安區泰順街14號,121.52924361500614,25.025507383
sleep for 4.798364366875699 seconds
戀旭餐坊,臺北市中山區林森北路145巷7號1樓,121.5235239150066,25.051496683
sleep for 9.44470479828649 seconds
上展餐館,臺北市松山區南京東路4段199號1樓,121.55482251500659,25.05186428
sleep for 7.78958662997038 seconds
耕記商行,臺北市信義區逸仙路42巷19號1樓,121.56076531500644,25.04025098
sleep for 6.116543662144924 seconds
雯雯早餐店,臺北市信義區逸仙路42巷16號1樓,121.56062711500627,25.04013178
sleep for 6.749577877617052 seconds
大眾牛肉麵店,臺北市中山區林森北路637號,121.523679715007,25.06730428395
sleep for 6.105299885654237 seconds
懷舊企業社,臺北市南港區南港路1段216號,121.6083615150067,25.055187683
sleep for 4.45480548459982 seconds
鼎膳小吃店,臺北市北投區光明路185號1樓,121.50096121500825,25.13578578
sleep for 8.771668978601392 seconds
加寶多早餐店,臺北市中山區林森北路550號,121.52334541500692,25.063971183
sleep for 6.028439340771832 seconds
珈珈餐飲行,臺北市中山區中原街10號,121.52654441500674,25.05630778
sleep for 3.2230990120603455 seconds
鍋加煲餐館,臺北市北投區裕民一路40巷13號1樓,121.51572741500786,25.116053083
sleep for 1.8845312874345803 seconds
萬年小吃店,臺北市萬華區西寧南路70號地下1層之27,121.50375331500649,25.043464583
sleep for 3.741114493327246 seconds
壹捌零小吃店,臺北市中山區合江街180巷1號,121.53689521500685,25.06118088
sleep for 9.257772912354184 seconds
一等讚小吃店,臺北市北投區尊賢街241巷2號1樓,121.50515681500794,25.11641088
sleep for 4.495741976743705 seconds
火龍島極品鍋餐館,臺北市大安區復興南路1段107巷34號1樓,121.5437277150064,25.0435037839
sleep for 2.4175425345080126 seconds
浦騰商行,臺北市松山區市民大道4段57號,121.54417001500651,25.045370383
sleep for 4.167305544144638 seconds
關渡東方美早餐店,臺北市北投區知行路210巷6號,121.46489101500798,25.11965768
sleep for 2.485953338847801 seconds
新醉紅樓飲食店,臺北市大同區天水路14號2樓,121.51117021500666,25.052916383
sleep for 2.402947984744138 seconds
馨緣餐廳,臺北市中山區天津街57號地下1樓,121.52119031500648,25.051029783
sleep for 4.963268731094024 seconds
米堤小吃店,臺北市中山區錦州街211號1樓,121.52985651500673,25.06042028
sleep for 8.886218035768913 seconds
田野餐飲咖啡館,臺北市北投區明德路157之1號,121.51879321500779,25.11101728
sleep for 3.2317871496092203 seconds
微笑早餐店,臺北市內湖區民權東路6段296巷48之1號,121.60554741500701,25.071187483
sleep for 6.528386127350231 seconds
味美小吃店,臺北市北投區北投路2段5號,121.49712231500816,25.13043798
sleep for 8.354873131024462 seconds
啡比尋茶咖啡店,臺北市大安區大安路1段83巷14號,121.54473991500633,25.040868383
sleep for 4.026236595994965 seconds
兄妹族早餐店,臺北市中山區錦州街426巷1弄25號,121.54133951500678,25.05986268
sleep for 5.11293355055561 seconds
一極鮮熱炒,臺北市士林區福國路95之5號,121.52020141500753,25.101571983
sleep for 4.847921861259776 seconds
温古咖啡店,臺北市大安區敦化南路1段160巷16號,121.54646271500648,25.04354578
sleep for 5.895334910970237 seconds
晨間漢堡屋,臺北市信義區嘉興街11號,121.55659451500621,25.032294483
sleep for 5.457170236564446 seconds
彩寶冷凍食品行,臺北市南港區忠孝東路6段120號,121.58283111500651,25.04778788
sleep for 4.707071298790823 seconds
福笙企業社,臺北市大安區安居街118巷19號2樓,121.549516415006,25.0190258839
sleep for 3.382498442297406 seconds
來好小吃店,臺北市北投區尊賢街270號1樓,121.50483361500791,25.11765448
sleep for 4.048356569067903 seconds
胡家飲食店,臺北市中正區寧波西街78號1樓,121.51411571500628,25.02992898
sleep for 6.122044105460191 seconds
平程食品行,臺北市中正區南陽街20號,121.51381781500643,25.04481258
sleep for 1.8022449013255781 seconds
美星麵食館,臺北市中正區杭州南路1段133號1樓,121.52260851500638,25.036500483
sleep for 1.3880484518072334 seconds
天津自助餐店,臺北市中山區長安東路1段6之3號1樓,121.5202128150066,25.049515983
sleep for 7.753855206964371 seconds
圈圈吧餐廳,臺北市文山區羅斯福路5段31之1號,121.5365075150058,25.0076936839
sleep for 1.4674666048070282 seconds
神佑豬腳便當店,臺北市信義區虎林街232巷63號1樓,121.57380851500626,25.035764683
sleep for 4.4551157906850145 seconds
花田樂野台壽司店,臺北市信義區林口街31號,121.5769509150063,25.037505983
sleep for 5.462845739732555 seconds
恏吃餐飲行,臺北市大安區潮州街188號1樓,121.52812731500615,25.02821798
sleep for 2.477848229098256 seconds
軒維小廚,臺北市大安區仁愛路4段112巷17號,121.5475544150063,25.036207683
sleep for 6.870462713389204 seconds
何明鴨庄,臺北市信義區福德街9號,121.57676181500626,25.036193783
sleep for 3.8143728224014777 seconds
歡樂小坊,臺北市中山區錦州街8號地下樓,121.52146871500686,25.06023318
sleep for 4.003368741147668 seconds
豪棧小吃店,臺北市內湖區內湖路1段285巷59弄1號,121.56481011500719,25.08376908
sleep for 9.828669347982858 seconds
伍柒玖椒麻雞大王,臺北市內湖區內湖路1段285巷8弄5號1樓,121.5637612150073,25.0826956839
sleep for 8.816337387672053 seconds
澄芯小吃店,臺北市中山區林森北路410之9號,121.52316041500671,25.05965918
sleep for 9.83518293977036 seconds
萬年甜不辣專賣店,臺北市萬華區西寧南路70號地下之9,121.50359391500648,25.043574483
sleep for 6.458694199988431 seconds
永美美食坊,臺北市北投區致遠二路111號1樓,121.50976441500796,25.116716283
sleep for 1.0407279456182654 seconds
三禾餐飲店,臺北市中山區松江路330巷69號1樓,121.52847861500679,25.061259683
sleep for 8.74855361413443 seconds
京華小吃店,臺北市信義區忠孝東路5段43號1樓,121.56403831500647,25.041515883
sleep for 2.845852704798711 seconds
明月湯包小吃店,臺北市大安區通化街171巷40號,121.55325091500612,25.027479883
sleep for 6.228655607851543 seconds
韓舍小館,臺北市內湖區內湖路1段323巷13號,121.56594511500727,25.083584083
sleep for 2.093738409896698 seconds
弄堂小吃店,臺北市松山區延吉街27號,121.55149381500647,25.046107283
sleep for 5.953627416521007 seconds
延壽曹記健康粥,臺北市松山區延壽街115號,121.56290581500674,25.0570706839
sleep for 5.46181532646143 seconds
五星大腸麵線店,臺北市北投區立德路64號,121.46977481500812,25.12569948
sleep for 4.380343752053236 seconds
老郭川菜館,臺北市大安區麗水街6號,121.5268042150062,25.033061683
sleep for 7.892018845116411 seconds
饕鍋客美食坊,臺北市大安區復興南路1段269號2樓,121.54168401500625,25.03590228
sleep for 7.76049544914371 seconds
馥俐元洋食館,臺北市中山區大直街57巷17號1樓,121.5455353150072,25.083464983
sleep for 4.314273352284144 seconds
九萌館,臺北市中山區林森北路138巷50號1樓,121.52146801500655,25.05172708
sleep for 3.489309767025538 seconds
雞城故事店,臺北市內湖區江南街125號,121.57346161500708,25.076140783
sleep for 9.008207597065852 seconds
夢樂小廚,臺北市中山區新生北路2段76巷32號,121.5240196150068,25.0574237839
sleep for 1.7574448121339374 seconds
狐狸野店,臺北市中山區龍江路281巷22號1樓,121.53971501500683,25.05979118
sleep for 6.93547707430608 seconds
小廚櫃素食店,臺北市內湖區內湖路1段387巷3弄8號1樓,121.56871051500713,25.082331783
sleep for 3.260097956323503 seconds
喬霓小吃店,臺北市大同區長安西路52巷18號1樓,121.51757391500665,25.04979838
sleep for 3.5245808962237395 seconds
食將王鐵板燒小吃店,臺北市內湖區成功路3段119號1樓,121.58760971500722,25.07893738
sleep for 8.03383078488268 seconds
國傑小吃店,臺北市松山區新東街60巷17號1樓,121.56389931500686,25.06216528
sleep for 6.324638166923021 seconds
伊巴克咖啡企業社,臺北市中山區中山北路1段138號,121.52063851500661,25.05269238
sleep for 6.353623349685605 seconds
建發魷魚焿專賣店,臺北市中山區合江街81號1樓,121.53710441500674,25.05904698
sleep for 4.405679859755795 seconds
六六早餐吧,臺北市北投區明德路134之1號1樓,121.51838591500783,25.11018188
sleep for 4.231816336943647 seconds
文山小吃店,臺北市文山區興隆路3段257號,121.5567083150054,24.992538283
sleep for 2.6812159012157477 seconds
尚品豆漿,臺北市北投區新興路164號1樓,121.48457411500829,25.13876998
sleep for 9.940042885349763 seconds
巧餘的早餐店,臺北市南港區園區街17號1樓,121.6087650150068,25.0589320839
sleep for 5.173990230306166 seconds
米尼司早餐吧,臺北市中正區金門街9之7號,121.52209301500599,25.02249418
sleep for 1.5884731851681215 seconds
小毅壽司,臺北市信義區永吉路30巷101弄8號1樓,121.56701541500645,25.043424783
sleep for 6.1549312651852315 seconds
自然屋商行,臺北市士林區格致路8之2號1樓,121.54415931500834,25.13609898
sleep for 3.285854146534809 seconds
內湖古城小吃店,臺北市內湖區內湖路1段737巷51弄1之1號,121.57698421500716,25.080306883
sleep for 9.393388211260428 seconds
蒂絲手作工坊,臺北市北投區西安街2段225號1樓,121.50678131500798,25.12001698
sleep for 3.8540419939376522 seconds
安竣早餐店,臺北市萬華區國興路102號,121.50330471500615,25.02739508
sleep for 8.551263448736684 seconds
百寶綠廚養生館,臺北市中山區長安東路1段24之1號1樓,121.5234153150065,25.048800983
sleep for 4.46183237737021 seconds
卍普賢佛教文物用品企業,臺北市中山區建國北路3段113巷7弄3號(1樓),121.53366841500694,25.06682608
sleep for 4.707959816944532 seconds
堤香廚房,臺北市大安區泰順街48之2號(1樓),121.52902771500597,25.023202683
sleep for 5.8025512728896045 seconds
台灣媳婦小吃店,臺北市信義區松德路215號1樓,121.57262931500627,25.03501988
sleep for 7.9699987319566095 seconds
弘林美之美小吃店,臺北市士林區永平街7號1樓,121.50292301500744,25.08995568
sleep for 3.5768895077553933 seconds
麗升自助餐店,臺北市松山區民生東路5段212巷1之2號1樓,121.56286821500673,25.05857238
sleep for 1.5527677673950504 seconds
木珍園小吃店,臺北市北投區竹子湖路33之5號,121.53259031500896,25.170587483
sleep for 6.937372629528237 seconds
萬華光復饅頭店,臺北市萬華區廣州街126號1樓,121.49903561500622,25.03654718
sleep for 4.3226013360843085 seconds
華真素食小吃店,臺北市萬華區雙園街34號,121.49218171500625,25.02962148
sleep for 3.4877957112177618 seconds
大湖餐館,臺北市內湖區內湖路2段103巷76號1樓,121.5786475150072,25.0830950839
sleep for 5.687354303944137 seconds
艋舺亞東甜不辣店,臺北市萬華區西園路1段56號1樓,121.4975914150064,25.039771483
sleep for 6.89441329565265 seconds
真飽小吃店,臺北市士林區福榮街69號,121.52458581500753,25.0975113839
sleep for 6.498230842152215 seconds
龍門港式燒臘店,臺北市中山區遼寧街18號,121.53983331500643,25.04765598
sleep for 2.9415492519075848 seconds
中樺豆漿店,臺北市中正區中華路2段109巷1號1樓,121.50289671500624,25.03276928
sleep for 9.907373884974644 seconds
金鮮魚丸店,臺北市北投區裕民二路4號1樓,121.51488421500797,25.116425783
sleep for 6.844508142283987 seconds
凱紳酒吧,臺北市中山區龍江路23號地下1樓,121.53843461500657,25.04790148
sleep for 4.1282763565565155 seconds
淑娥小吃店,臺北市中正區開封街1段2之48號,121.51217331500654,25.045920083
sleep for 1.76171302870247 seconds
真味餐廳,臺北市中山區復興北路176號1樓,121.54172481500667,25.05401338
sleep for 1.6797283519998651 seconds
十全藥膳館,臺北市大安區通化街62號1樓,121.55193611500613,25.03052498
sleep for 1.9399018492735238 seconds
戀上健康企業社,臺北市信義區文昌街318號1樓,121.55591221500622,25.03209568
sleep for 1.7288137688827663 seconds
南海岸活蝦店,臺北市南港區向陽路128號、重陽路2之1號,121.59317451500668,25.05482658
sleep for 9.087408852068178 seconds
古早味池上便當店,臺北市內湖區內湖路1段411巷9弄16號,121.56939791500716,25.082057883
sleep for 8.432502778354621 seconds
大全鵝肉店,臺北市信義區忠孝東路5段743巷21弄4號,121.57848831500645,25.043984883
sleep for 8.631629205807126 seconds
風林和食餐廳,臺北市中山區中山北路2段77巷16號1樓,121.52224591500672,25.05738498
sleep for 3.5091417910346436 seconds
安安海鮮店,臺北市中山區建國北路3段113巷25號,121.5339494150069,25.0674386839
sleep for 1.6560006828486857 seconds
根本日式料理亭,臺北市松山區新東街5號1樓,121.56375521500672,25.05778268
sleep for 2.2975953888939635 seconds
金佳小吃店,臺北市中山區中山北路2段183巷32號1樓,121.52211571500688,25.0636707839
sleep for 8.876504065288849 seconds
禾豊小吃店,臺北市大安區復興南路2段148巷16號1樓,121.54048711500614,25.02855948
sleep for 8.909175310317677 seconds
甜心小吃店,臺北市大安區和平東路3段224號1樓,121.55222001500609,25.02240838
sleep for 8.885158358108296 seconds
台北早安早餐店,臺北市萬華區長沙街2段89號1樓,121.50261461500644,25.040603883
sleep for 1.8934834776895444 seconds
北港蔡肉羹小吃店,臺北市士林區中正路362號1樓,121.51904951500742,25.09436588
sleep for 5.8015369970989115 seconds
洋洋美食飲品店,臺北市士林區延平北路5段205號1樓,121.50770581500711,25.083691283
sleep for 1.8560684543136279 seconds
錢唐村小吃店,臺北市大安區仁愛路4段122巷48號1樓,121.54790341500627,25.034660383
sleep for 8.502135617722294 seconds
房旺旺燒臘店,臺北市信義區松山路541巷15號,121.57651811500635,25.037870183
sleep for 5.440899387036526 seconds
咖比咖啡店,臺北市松山區民生東路3段113巷21號1樓,121.54411841500674,25.05936858
sleep for 7.970598503726556 seconds
賣三頓盒餐店,臺北市南港區研究院路2段43號1樓,121.61382001500648,25.04470268
sleep for 5.355996843133381 seconds
啡熊窩冷飲店,臺北市大安區復興南路2段148巷29號1樓,121.5397503150061,25.028359883
sleep for 2.8209008794907806 seconds
久菜屋拉麵店,臺北市大同區塔城街53號,121.50834431500671,25.0527804839
sleep for 5.908764190337175 seconds
蘋果貳零早餐店,臺北市中正區延平南路218號1樓,121.50523761500635,25.03436548
sleep for 9.65195784594195 seconds
喬園海鮮熱炒店,臺北市北投區大業路512號1樓,121.49386531500828,25.13335998
sleep for 3.4266047996134006 seconds
敘緣小吃店,臺北市文山區新光路1段53號,121.57168031500547,24.989951883
sleep for 3.417945130129838 seconds
牛棚牛肉麵店,臺北市中山區雙城街10巷7號1樓,121.52185271500683,25.06421318
sleep for 7.303209409656103 seconds
麥食達韓式烤肉店,臺北市中正區懷寧街86號1樓,121.51175431500643,25.0429159839
sleep for 2.9165351804000323 seconds
梁家麵館,臺北市士林區至誠路2段49號,121.52615101500758,25.10141138
sleep for 7.17689729476581 seconds
阿緞姐客家美食專賣店,臺北市中正區晉江街124巷2之1號,121.52328811500605,25.021901683
sleep for 1.2304142360436074 seconds
河內越南小吃店,臺北市內湖區成功路4段182巷6弄25號1樓,121.5910303150073,25.083700983
sleep for 7.70871279696352 seconds
芝山岩牛肉麵店,臺北市士林區大南路328號1樓,121.51587871500743,25.089033183
sleep for 9.947223444665559 seconds
二空眷村小館,臺北市松山區敦化北路155巷14號1樓,121.54881731500666,25.05440998
sleep for 3.1660225821241896 seconds
逗陣來小吃店,臺北市大安區忠孝東路3段258號,121.53959061500646,25.041440783
sleep for 1.2828315333280478 seconds
大筷牛肉麵店,臺北市中正區杭州南路1段79之1號1樓,121.52353911500649,25.03932628
sleep for 9.978296186823165 seconds
豚太郎美食屋,臺北市大安區臥龍街13號1樓,121.54455831500611,25.02421098
sleep for 3.0893979592243235 seconds
四維咖啡茶飲便利屋,臺北市大安區仁愛路4段48巷10號1樓,121.54485501500635,25.037085383
sleep for 7.2007553958628625 seconds
仁家漢堡店,臺北市大同區承德路3段275號1樓,121.51699731500706,25.07264538
sleep for 8.572293119017552 seconds
藍寶小吃店,臺北市信義區永吉路30巷167弄1號,121.56669741500647,25.0420269839
sleep for 4.998955100208095 seconds
好口味豆漿店,臺北市士林區士東路266巷5弄12之4號1樓,121.53508681500796,25.112360983
sleep for 5.815218134043761 seconds
闕家小館,臺北市南港區研究院路2段9之2號1樓,121.61366641500646,25.04746408
sleep for 2.2653176669249726 seconds
王君豪小吃店,臺北市內湖區港墘路52號1樓,121.57590381500722,25.081863183
sleep for 1.2445564247778562 seconds
創新音樂餐坊,臺北市大安區安和路1段139號地下1樓,121.55046011500617,25.03068338
sleep for 6.972631622573561 seconds
福運餐廳,臺北市中山區南京東路3段194巷1號,121.54078691500665,25.05148678
sleep for 8.981453754586134 seconds
學姊涼麵店,臺北市中山區大直街37號1樓,121.54430571500727,25.082392483
sleep for 1.9844136469986393 seconds
圓環小吃店,臺北市大同區重慶北路2段69號1樓,121.51201501500667,25.055840483
sleep for 6.519291945844271 seconds
美呈飲食店,臺北市信義區永吉路382號1樓,121.57521031500644,25.04528598
sleep for 1.8260902455027632 seconds
大北小吃店,臺北市北投區光明路新生巷6號1樓,121.49959251500817,25.13291958
sleep for 4.485896407557186 seconds
國際大旅舘,臺北市北投區湖山路1段7號,121.54573871500855,25.15201268
sleep for 5.715067464060898 seconds
漾館溫泉商旅,臺北市北投區溫泉路63號1至4樓,121.50247851500836,25.135223483
sleep for 1.0173558288393858 seconds
金湯品企業社,臺北市松山區民生東路5段198號11樓之10,121.56223891500674,25.05862778
sleep for 1.5038829510498433 seconds
禹銨焢肉飯,臺北市萬華區康定路3號,121.50125621500639,25.046122083
sleep for 1.5344788309433537 seconds
長春藤小吃店,臺北市大安區永康街2巷11號1樓,121.52709521500624,25.033270483
sleep for 2.098844378535034 seconds
東來順餃子館分店,臺北市大安區敦化南路1段190巷45號1樓,121.54494621500642,25.042408983
sleep for 9.564197874451235 seconds
梅村大衆食堂忠孝東路分店,臺北市大安區忠孝東路4段216巷32弄6號1樓,121.55047611500633,25.03981248
sleep for 8.257173391453962 seconds
山之林溫泉餐館,臺北市北投區行義路402巷15號,121.52743131500839,25.141604983
sleep for 7.395032899827375 seconds
百齡自助餐店,臺北市士林區福港街139號1樓,121.5158943150073,25.0877996839
sleep for 2.78358330206672 seconds
王絹小吃店,臺北市北投區紗帽路16之3號,121.52930531500857,25.147114983
sleep for 1.2453309463578226 seconds
益全餐廳,臺北市北投區中央北路4段547號,121.46538151500827,25.12765988
sleep for 3.0981613279515283 seconds
儐城小吃店,臺北市北投區中和街254號1樓,121.4986925150083,25.140000683
sleep for 5.709672541411278 seconds
酷鎷企業工作坊,臺北市中正區北平東路24號2樓之5,121.52293791500644,25.045877983
sleep for 5.720950895497103 seconds
越之鄉美食館,臺北市北投區石牌路1段154號,121.51099641500785,25.114242483
sleep for 1.2561762763475701 seconds
穿石甜點空間坊,臺北市中山區中山北路2段183巷4之1號1樓,121.52102961500688,25.06367348
sleep for 1.4417292511981357 seconds
瑞豐小吃店,臺北市中山區長安東路1段73號1樓,121.5255683150066,25.048504983
sleep for 2.630049167312995 seconds
微笑實業,臺北市北投區三合街2段489號,121.49882301500807,25.126016883
sleep for 6.307445847174142 seconds
左岸複合式餐廳,臺北市大同區南京西路410號10樓之1,121.50747101500662,25.053204683
sleep for 3.7784623585597523 seconds
陳林雅貞小吃店,臺北市松山區八德路3段158巷1之2號,121.55308611500652,25.047597783
sleep for 3.2172221107901167 seconds
陳記豬肝湯,臺北市大安區復興南路1段253巷46號(1樓),121.5433440150063,25.03670678397
sleep for 3.2589998076771423 seconds
度一生小吃店,臺北市松山區撫遠街379巷3號1樓,121.56383371500682,25.06444678
sleep for 3.9237616782821956 seconds
老德記小吃店,臺北市中正區八德路1段82巷9弄3號,121.56272491500665,25.05002648
sleep for 1.148818188745774 seconds
佳園韓式料理店,臺北市中正區中華路2段311巷20號,121.50409401500622,25.02861268
sleep for 7.734556506609518 seconds
披薩阿姨的屋,臺北市中正區濟南路2段48巷5之5號(1樓),121.52888951500636,25.039497683
sleep for 7.695430873196045 seconds
東方霸牛肉麵店,臺北市中正區杭州南路1段57號,121.52379561500645,25.04055318
sleep for 4.874133350379854 seconds
喜捨素食小吃店,臺北市松山區光復南路6巷15號1樓,121.55501961500656,25.047644583
sleep for 2.183192757193535 seconds
新明老爹牛肉麵店,臺北市松山區八德路3段12巷5弄22號1樓,121.54910051500659,25.04757268
sleep for 8.729938245077019 seconds
廣友國際商行,臺北市信義區基隆路1段350號1樓之5,121.55918011500637,25.036443083
sleep for 6.379138535358834 seconds
Did not crawl 易牙妙手食堂
tuple index out of range
Sleep for 1 minutes and continue to crawl
季風商號,臺北市文山區指南路2段46號1樓,121.5730119150053,24.987685083
sleep for 2.9004581690976847 seconds
采石軒韓式料理,臺北市松山區南京東路5段251巷22弄33號,121.56202531500661,25.05192718
sleep for 3.5628249321444407 seconds
開開心心餐飲店,臺北市內湖區民權東路6段296巷38之3號地下,121.604970315007,25.07173188395
sleep for 2.4001799568939797 seconds
崧坂火鍋店,臺北市內湖區內湖路1段65號,121.5580934150073,25.084984583
sleep for 2.658378300050555 seconds
東陽微笑早餐店,臺北市北投區東陽街476號1樓,121.5178051150078,25.11212218393
sleep for 2.645207813364653 seconds
和風小吃店,臺北市北投區竹子湖路56之8號,121.5309990150092,25.175852683
sleep for 4.731689181088604 seconds
鐵一企業社,臺北市內湖區民權東路6段68號,121.58282761500693,25.068651083
sleep for 3.75807022932777 seconds
黃龍莊小吃店,臺北市中正區牯嶺街43號,121.51441151500629,25.02999978
sleep for 6.019888269961682 seconds
滿座小吃店,臺北市中山區民生東路3段82號,121.5395869150067,25.0576102839
sleep for 1.1535358612856403 seconds
米黎時尚生活會館,臺北市信義區基隆路1段149號,121.56332241500644,25.04248008
sleep for 2.4666290966093856 seconds
牛之鬼小吃店,臺北市中山區龍江路356巷28號,121.53754371500689,25.06587708
sleep for 6.954407663629251 seconds
民石小吃店,臺北市中山區民生東路3段74號,121.53926141500682,25.057635683
sleep for 6.943807791318468 seconds
莊家切仔麵,臺北市北投區致遠二路119號,121.51012901500786,25.11699848
sleep for 3.468347864465536 seconds
潘家老牌牛肉麵,臺北市中山區遼寧街48之1號1樓,121.53986791500664,25.049127983
sleep for 5.596566121887633 seconds
默引商行,臺北市大安區溫州街48巷2號1樓,121.5307120150061,25.0213662839
sleep for 6.572160238330616 seconds
林初子商行,臺北市大安區泰順街16巷36號,121.52722231500611,25.025230983
sleep for 7.813427686109895 seconds
肥老吉羊肉羹麵店,臺北市中山區吉林路26巷28號,121.52692931500663,25.05140778
sleep for 7.0272218199777985 seconds
愛家麵館,臺北市南港區舊莊街1段11號1樓,121.6155758150064,25.041870483
sleep for 2.522003799141609 seconds
法斯特餐飲坊,臺北市士林區士東路266巷3弄12之1號,121.53510271500787,25.112715083
sleep for 8.44464036883602 seconds
石之海餐廳,臺北市中山區林森北路119巷45號(1樓),121.52442271500654,25.050467083
sleep for 7.710239433112651 seconds
秀明早餐店,臺北市文山區秀明路2段112巷14號,121.57373291500545,24.990430383
sleep for 8.227702893333195 seconds
香讚薑母鴨小吃店,臺北市松山區健康路278號1樓,121.56254031500666,25.053961983
sleep for 3.5253382821264596 seconds
三榕商號,臺北市北投區立農街2段293號,121.51369091500796,25.118766483
sleep for 4.264613629888237 seconds
拾壹餐飲店,臺北市信義區忠孝東路4段553巷12號,121.56071031500649,25.04255668
sleep for 3.205398357423495 seconds
佳品小吃店,臺北市松山區八德路3段86號,121.55103461500664,25.047977383
sleep for 9.013853223257396 seconds
鑫櫃企業社,臺北市中山區松江路194巷5號1樓,121.53031771500666,25.057222383
sleep for 9.943808801622435 seconds
宇杰餐廳,臺北市中山區民生東路2段8號(2樓),121.52591631500675,25.05784118
sleep for 9.019888278389727 seconds
傳奇麵線店,臺北市中山區中山北路2段128巷36號,121.51892691500676,25.061731983
sleep for 3.5071908417104893 seconds
友之城早餐店,臺北市松山區敦化北路222巷54號,121.54471901500675,25.06009508
sleep for 5.970054459796336 seconds
西門魚河岸小吃店,臺北市萬華區開封街2段56號,121.50505151500643,25.046424583
sleep for 1.38389643238341 seconds
日鑫火鍋店,臺北市中山區四平街19號1樓,121.52894821500665,25.05374438
sleep for 9.976072421461057 seconds
幸福八十號美味早餐店,臺北市文山區景華街90號,121.54348671500547,24.99505858
sleep for 8.121392211168523 seconds
禾善素食自助餐店,臺北市中山區農安街239號,121.53232621500688,25.064795283
sleep for 7.695154444327843 seconds
常夜燈小吃店,臺北市大安區濟南路3段58號,121.53447341500633,25.04003778
sleep for 6.1654040413284585 seconds
巴西里小館,臺北市內湖區金湖路24號1樓,121.59413731500725,25.083067983
sleep for 8.404704030044314 seconds
鮮味福州小吃店,臺北市北投區知行路260巷10號,121.46540621500792,25.12089678
sleep for 2.7145560522034917 seconds
晴光和風咖哩小吃店,臺北市中山區雙城街10巷21號,121.52161471500683,25.06425008
sleep for 4.474624164742016 seconds
郁香花蓮扁食,臺北市大同區延平北路3段43之1號,121.50902391500694,25.064915283
sleep for 1.9793614908825177 seconds
哨長食堂,臺北市內湖區內湖路1段591巷10弄2號,121.57091991500712,25.081458883
sleep for 7.654799827071417 seconds
饗樂牛排館,臺北市中山區長安東路2段35之1號1樓,121.52940971500648,25.04856508
sleep for 4.747708368608769 seconds
和榮小吃店,臺北市大安區復興南路2段340巷7號1樓,121.54043791500594,25.02278358
sleep for 1.4871276454513638 seconds
奕楓義麵屋,臺北市北投區石牌路2段68巷19號1樓,121.51461231500775,25.116371783
sleep for 1.7782460737024055 seconds
韓一村小吃店,臺北市信義區莊敬路430號,121.56454731500607,25.02699988
sleep for 9.683258023179965 seconds
順水推粥坊,臺北市士林區美崙街63號,121.51999371500754,25.096989783
sleep for 1.3272731171437058 seconds
甄福記烤鴨餐廳,臺北市松山區健康路3巷2號1樓,121.55014331500654,25.05234868
sleep for 7.803205270789514 seconds
立德咖啡店,臺北市松山區延壽街139號,121.56177451500668,25.05698978
sleep for 5.063942341556203 seconds
吉慶商行,臺北市北投區實踐街48巷7號1樓,121.50712471500778,25.11473978
sleep for 3.000514124204228 seconds
元碩商行,臺北市中山區建國北路2段186巷25號1樓,121.53274541500677,25.05962588
sleep for 9.758174487636557 seconds
雅晶餐廳,臺北市中山區中山北路1段135巷33之1號1樓,121.52041371500671,25.056326683
sleep for 2.311729240129724 seconds
二毛餃子館,臺北市信義區虎林街121巷4號1樓,121.57493631500654,25.04023068
sleep for 4.893263231075865 seconds
蝶戀閣,臺北市萬華區三水街129號2樓,121.49589681500628,25.03620448
sleep for 7.12917789243688 seconds
甜蜜李水果行,臺北市松山區民生東路3段130巷4號1樓,121.54394561500668,25.05695228
sleep for 4.263931590837446 seconds
欣琳小吃店,臺北市松山區光復北路169號1樓,121.55336831500672,25.05752388
sleep for 5.9528394959462005 seconds
禾記小吃店,臺北市內湖區大湖山莊街219巷5號,121.59738731500737,25.08838298
sleep for 2.150382047584003 seconds
時尚曼谷小吃店,臺北市士林區大東路54號,121.52329031500729,25.08974998
sleep for 9.127287719068542 seconds
蔬河商號,臺北市大安區延吉街129巷2號,121.55283081500644,25.04293948
sleep for 8.177843085960356 seconds
川郎活蟹名店,臺北市中山區吉林路142號,121.52778541500668,25.055823483
sleep for 3.2328795287269294 seconds
幸福三明治專賣店,臺北市士林區福港街11號1樓,121.51596531500738,25.091370983
sleep for 8.693500520625427 seconds
赫赫食堂,臺北市大安區和平東路2段118巷54弄13號1樓,121.54007431500611,25.022029483
sleep for 2.29300033720478 seconds
盈賓食坊,臺北市中正區延平南路171巷5號,121.50573341500633,25.03487688
sleep for 1.2744095657996346 seconds
艾芬妮咖啡店,臺北市松山區三民路108號1樓之35,121.56179301500666,25.057738483
sleep for 3.0652044457465633 seconds
棗點小翠商行,臺北市中山區北安路573巷15號1樓,121.54543771500715,25.08147178
sleep for 7.829501980493591 seconds
滾金商行,臺北市中山區建國北路2段24號,121.53419171500653,25.053067183
sleep for 8.808677121083207 seconds
橘辰餐酒館,臺北市信義區和平東路3段207巷2號,121.55170691500606,25.02372698
sleep for 5.01700058910037 seconds
一個銅板創意美食坊,臺北市中山區天祥路61巷6號1樓,121.51895931500687,25.063305983
sleep for 9.563521878067073 seconds
紅屋小吃店,臺北市南港區南港路1段170號,121.60963431500673,25.055397483
sleep for 3.313298264490448 seconds
簡單說小吃店,臺北市大安區光復南路554號,121.5551188150063,25.034567683
sleep for 7.073936218165867 seconds
建忠牛肉麵店,臺北市信義區莊敬路423巷8弄2號,121.56494361500607,25.02846678
sleep for 1.8245736456679618 seconds
康誠實業社,臺北市文山區新光路1段48號,121.57142731500528,24.989850983
sleep for 9.800967093647511 seconds
鮮彩蔬食小吃店,臺北市中山區松江路362巷25號(1樓),121.53000611500687,25.06199428
sleep for 3.917968199179486 seconds
珊園關渡小吃店,臺北市北投區中央北路4段491號,121.46688561500814,25.12838498
sleep for 1.3364780527115196 seconds
學勤商行,臺北市大安區和平東路2段118巷71號,121.54071941500607,25.021813783
sleep for 6.935949476399077 seconds
七匹狼餐飲店,臺北市信義區虎林街11號,121.57383541500653,25.04895528
sleep for 5.199393160903335 seconds
大堡商號,臺北市萬華區漢中街150號,121.50455721500649,25.041404783
sleep for 7.467642521522673 seconds
大田廚房,臺北市大同區重慶北路3段217號,121.51181521500698,25.0703463839
sleep for 6.089532130996713 seconds
韋涵小吃店,臺北市文山區木新路3段58號,121.56176891500522,24.982578783
sleep for 5.069533539478833 seconds
鈴裕担仔麵,臺北市中山區興安街55之1號,121.53965721500681,25.056262083
sleep for 4.203172005300411 seconds
御喬庭園餐飲店,臺北市文山區政大二街47號,121.5816012150053,24.98690898399
sleep for 2.6315806332366645 seconds
鮮王小吃店,臺北市松山區民生東路4段62號,121.54974231500665,25.057805983
sleep for 5.6590006209737895 seconds
丸田餐飲生活館,臺北市士林區中山北路5段505巷27號,121.52501931500734,25.09311108
sleep for 6.912363562693112 seconds
協信企業社,臺北市中正區仁愛路2段11號2樓,121.52435461500637,25.038536483
sleep for 5.927754424915384 seconds
龍慶商行,臺北市中正區仁愛路2段11號2樓,121.52435461500637,25.038536483
sleep for 8.854365979241837 seconds
千戶厚片牛排店,臺北市松山區新東街6巷2號,121.56410381500665,25.057346983
sleep for 5.759578881318037 seconds
祥益健康素食館,臺北市南港區成福路22號,121.58387641500646,25.045500983
sleep for 1.1214294015802793 seconds
龍香珍快餐店,臺北市中正區公園路20巷15號1樓,121.51478411500639,25.04523218
sleep for 4.465810394073818 seconds
烤狀元企業社,臺北市松山區南京東路5段123巷6弄1號1樓,121.55878461500666,25.0530482839
sleep for 8.724329009495376 seconds
時食商行,臺北市中山區民生東路2段127巷17號,121.53016321500675,25.05956798
sleep for 5.635553798431511 seconds
賀華名家燒臘店,臺北市中正區紹興南街5之4號,121.52281131500641,25.04361108
sleep for 7.308570382903137 seconds
老朋友小吃店,臺北市大安區安和路2段36號,121.55006021500606,25.03153178
sleep for 6.861969814545384 seconds
國賓鹹粥店,臺北市萬華區成都路91號1樓,121.50247231500644,25.04318298
sleep for 5.480507023271814 seconds
御膳園小吃店,臺北市士林區通河街17號1樓,121.52117411500727,25.08005468
sleep for 2.621446402037536 seconds
湘平小館,臺北市萬華區環河南路2段199號,121.48960911500622,25.03218868
sleep for 4.273683184103888 seconds
老徐現宰黃牛肉店,臺北市中山區合江街126號1樓,121.53693591500677,25.059403283
sleep for 9.987498915919618 seconds
王品小吃店,臺北市松山區南京東路4段111號,121.55259621500662,25.051872483
sleep for 7.264699179016237 seconds
大熊牛排館,臺北市中山區錦州街397號,121.53920931500681,25.06035508
sleep for 6.475517721597378 seconds
豊禾小吃店,臺北市大安區敦化南路2段63巷57號,121.54946961500616,25.03100658
sleep for 5.143859392465682 seconds
這義家義大利麵,臺北市信義區吳興街281巷7號1樓,121.56233161500613,25.02662188
sleep for 4.877830011788949 seconds
紅杯子商行,臺北市中山區明水路553號,121.54989071500724,25.07903148
sleep for 5.520759773857537 seconds
昌吉大鼎小吃店,臺北市大安區光復南路456巷29號,121.55398711500622,25.03510098
sleep for 6.402573212599524 seconds
台越早餐店,臺北市中山區民生東路3段86之1號,121.53985181500677,25.05758468
sleep for 3.4323695390344957 seconds
余記雲泰小吃店,臺北市中山區南京東路2段115巷3弄4之1號1樓,121.53173901500662,25.05332498
sleep for 6.22754047831296 seconds
高麗屋,臺北市信義區虎林街132巷37號1樓,121.5733392150064,25.040198683
sleep for 9.232502841093948 seconds
韓來餐廳,臺北市中山區吉林路26巷11號1樓,121.52734561500654,25.05151568
sleep for 3.283793528346922 seconds
神旺商行,臺北市中山區龍江路277號,121.53867401500666,25.0596910839
sleep for 4.06876020689198 seconds
黑岩之家,臺北市中山區新生里錦州街195號,121.52929621500681,25.060424583
sleep for 6.375407683206588 seconds
東輝韓食館,臺北市中山區松江路259巷29號1樓,121.53240151500681,25.05963078
sleep for 2.726315473681763 seconds
社子魷魚羹,臺北市士林區中正路586巷19號,121.5076903150073,25.087609183
sleep for 7.614540022330339 seconds
竹林飲食店,臺北市萬華區中華路1段114巷9號(1樓),121.50699851500652,25.046331883
sleep for 3.0306755046006644 seconds
安鼎生機坊,臺北市內湖區內湖路1段705號,121.5752497150071,25.0797029839
sleep for 3.815746501576142 seconds
棋樂無窮商行,臺北市中山區錦州街185號(1樓),121.52899511500686,25.06039678
sleep for 6.289000166676255 seconds
悅心緣素食坊,臺北市北投區自強街5巷163號,121.5082114150079,25.1127822839
sleep for 4.839778132680948 seconds
大有豐萃餐飲店,臺北市中山區林森北路133巷76號,121.52517201500646,25.050672183
sleep for 8.76296550975175 seconds
阮家廚坊,臺北市松山區敦化北路222巷33號,121.54518031500682,25.059960883
sleep for 1.576549590500286 seconds
麗味庭食品商行,臺北市南港區成福路20號,121.58382131500653,25.04558278
sleep for 5.298084714968109 seconds
三品商行,臺北市北投區裕民一路12號,121.51434201500781,25.1166054839
sleep for 8.140791884475096 seconds
酒加菜小吃店,臺北市北投區中央北路2段56號1樓,121.49284731500828,25.13723098
sleep for 7.946344173632692 seconds
李記甜品坊,臺北市內湖區江南街123號,121.57366851500718,25.076191783
sleep for 8.501792112041437 seconds
上鼎豐小籠湯包店,臺北市大安區瑞安街268號,121.53705531500619,25.026366783
sleep for 9.07023365490835 seconds
韓之鄉餐廳,臺北市松山區敦化北路155巷6號1樓,121.54815631500662,25.05443598
sleep for 1.8306019778599865 seconds
傳家之包小吃店,臺北市內湖區內湖路1段285巷65弄9號,121.56518881500725,25.08442928
sleep for 6.790591651495212 seconds
意記客家魷魚焿,臺北市中正區汀州路3段289號1樓,121.53349191500574,25.01211198
sleep for 3.0963235502052644 seconds
眷三代生活小站,臺北市萬華區國興路84號1樓,121.5039541150061,25.0266693839
sleep for 7.2169914542708264 seconds
蕎萁早餐店,臺北市北投區中央北路1段144號,121.49661031500833,25.135396983
sleep for 5.9363473820351675 seconds
富寬小吃店,臺北市大安區延吉街166號,121.55278401500641,25.038976283
sleep for 3.160587132682839 seconds
慢步調咖啡館,臺北市大安區忠孝東路3段251巷1弄1號,121.53959491500639,25.042117383
sleep for 9.26592479254523 seconds
三代小吃店,臺北市大安區復興南路1段293號,121.54177591500624,25.03524688
sleep for 9.188807922455416 seconds
智允餐飲,臺北市中山區南京東路3段216巷4號1樓,121.54117771500653,25.051389283
sleep for 9.66618338756144 seconds
喜麥堡樂活小吃店,臺北市中山區錦州街314號,121.53554211500668,25.060154883
sleep for 5.257292880697417 seconds
東門傳統整復推拿館,臺北市中正區連雲街75號1樓,121.52806531500636,25.03446598
sleep for 7.25351463503017 seconds
馥田小吃店,臺北市中山區遼寧街40號,121.53985221500659,25.048716283
sleep for 9.01953079920183 seconds
湘野小吃店,臺北市北投區明德路86號,121.51747521500775,25.10936028
sleep for 9.951958436321453 seconds
裕妹早餐店,臺北市中正區信義路2段161巷3號,121.5267940150063,25.034226183
sleep for 7.247530983000331 seconds
宜香自助餐店,臺北市內湖區內湖路2段393號1樓,121.59061391500734,25.084126783
sleep for 5.887099033884529 seconds
得魚餐坊,臺北市文山區木柵路3段48巷1弄1號,121.56327671500536,24.98774218
sleep for 9.230971105383206 seconds
杰立小吃店,臺北市內湖區江南街87號,121.57486891500717,25.076879483
sleep for 5.487789551543417 seconds
亭羽餐坊,臺北市信義區莊敬路359號,121.56254211500612,25.027860683
sleep for 2.809860302003085 seconds
家傳味企業社,臺北市北投區中央北路4段481號,121.46719951500816,25.128511183
sleep for 4.341955603013217 seconds
裕民便當店,臺北市內湖區內湖路1段443號,121.5700998150072,25.081329483
sleep for 2.461718169450399 seconds
石鼎先火鍋店,臺北市文山區興隆路2段220巷14號1樓,121.55002841500567,25.000797883
sleep for 9.617019224798357 seconds
貝莉義式餐廳,臺北市內湖區文德路22巷44弄20號,121.57856621500713,25.07666198
sleep for 9.610516083484091 seconds
沐鈺情餐坊,臺北市中正區牯嶺街95巷3號,121.51696951500594,25.02612818
sleep for 9.579285597604976 seconds
麵匠坐坊,臺北市中山區中山北路1段55號,121.52063851500661,25.05269238
sleep for 5.10496838313972 seconds
芮禾小吃店,臺北市中山區德惠街52號,121.52491261500687,25.066541483
sleep for 6.849195642671403 seconds
港龍池上飯包店,臺北市內湖區港墘里港墘路153號1樓,121.57341671500721,25.07720838
sleep for 7.951868478105903 seconds
廖家古早味小吃店,臺北市文山區景華街83號,121.54358761500555,24.995358983
sleep for 3.3231963238090163 seconds
如臻壽司專賣店,臺北市大安區仁愛路4段71巷28號1樓,121.54513541500651,25.040145183
sleep for 6.364685790052322 seconds
甲堡早餐店,臺北市松山區八德路3段74巷47號,121.55039841500646,25.046026283
sleep for 2.3340415706401876 seconds
花花姐姐工作坊,臺北市文山區萬隆街47號、47之2號1樓,121.53470711500563,25.00070368
sleep for 7.618234720584846 seconds
酒膳家庭料理,臺北市中山區錦州街241巷1弄2號1樓,121.5317034150067,25.06077198395
sleep for 2.7894442982171554 seconds
幸福屋,臺北市內湖區內湖路2段396號,121.5894559150072,25.0827896839
sleep for 2.0381109563239344 seconds
海福岡料理店,臺北市大安區四維路170巷31號,121.54455441500625,25.0283859839
sleep for 1.7402030017665304 seconds
大江南北小吃店,臺北市中山區新生北路2段149巷40號1樓,121.52704981500683,25.06193368
sleep for 8.442199216021681 seconds
森之豆早餐吧,臺北市大安區和平東路2段175巷30號,121.53955031500608,25.026638783
sleep for 8.273020284795543 seconds
巷子口餐飲店,臺北市大安區安和路2段35巷1號,121.55050331500611,25.03181968
sleep for 9.019846605568002 seconds
大方咖啡簡餐店,臺北市大同區重慶北路1段89之1號2樓,121.51215381500664,25.05296878
sleep for 6.4682371571528545 seconds
水星球潛水餐飲店,臺北市內湖區民權東路6段228號,121.59772301500689,25.06659158
sleep for 3.3944065059136226 seconds
達正小吃店,臺北市中山區松江路441號,121.53123931500689,25.06084878
sleep for 8.455124720534013 seconds
大師牛肉麵,臺北市內湖區文湖街47號5樓,121.55984631500732,25.086806783
sleep for 1.5575677368363292 seconds
一直是晴天咖啡館,臺北市信義區忠孝東路4段553巷2弄5號,121.56084881500637,25.042029083
sleep for 7.491662950990383 seconds
福德王記食品行,臺北市信義區福德街26號1樓,121.5773793150063,25.036569883
sleep for 3.4434882208210333 seconds
華馨小吃店,臺北市中正區開封街1段25號1樓,121.51205391500655,25.04586058
sleep for 8.049034452820507 seconds
蝦一跳活蝦專業料理店,臺北市萬華區和平西路3段207號,121.4948969150063,25.035489883
sleep for 9.42678474504513 seconds
卡賀廚房早餐店,臺北市北投區義理街17號,121.51292821500796,25.11650208
sleep for 4.598365838609694 seconds
巧沛東方美早餐店,臺北市松山區民權東路3段160巷9號(1樓),121.54568071500682,25.06075338
sleep for 3.305408085249482 seconds
得意排骨大王小吃店,臺北市中山區錦州街400號,121.53921511500674,25.06005478
sleep for 6.900453629556058 seconds
丸林魯肉飯小吃店,臺北市中山區農安街105、107號,121.5270572150069,25.0649735839
sleep for 8.417523524350162 seconds
達客咖啡館,臺北市大安區信義路4段307號,121.55332541500624,25.03327138
sleep for 1.4316643281537806 seconds
李家粥品店,臺北市大安區通化街171巷37號,121.55344031500607,25.027735783
sleep for 7.96397510590192 seconds
柔誠商行,臺北市信義區永吉路30巷27號,121.5667226150066,25.0447878839
sleep for 2.3337989427726242 seconds
上席小館,臺北市信義區富陽街83號1樓,121.55444021500603,25.02138198
sleep for 9.387572389664252 seconds
辛殿飲食店,臺北市中山區松江路129之4號,121.53111791500656,25.05384338
sleep for 7.820659876118826 seconds
三兄弟餐廳,臺北市中山區農安街233號,121.53206991500689,25.06478168
sleep for 8.79901272123946 seconds
冠鼎雞肉飯,臺北市中山區錦州街252號1樓,121.5321153150068,25.060212483
sleep for 9.462266860670384 seconds
紅油麵食館,臺北市大安區信義路3段103號,121.53660431500626,25.033704983
sleep for 5.446664342445376 seconds
造飛雞美食館,臺北市中山區復興北路380巷6弄17號,121.5415463150068,25.060513983
sleep for 1.828121503157723 seconds
萬香烤鴨莊,臺北市中正區重慶南路3段1號,121.51330981500618,25.02961838
sleep for 9.37353655253773 seconds
雅士集單身貴族水餃店,臺北市中山區中山北路1段53巷12號4樓之1,121.52063851500661,25.05269238
sleep for 2.9578339888828946 seconds
一荷軒,臺北市文山區羅斯福路6段46號,121.53762581500561,24.999283683
sleep for 7.491536439749699 seconds
正芯加熱滷味,臺北市文山區新光路1段81號,121.57163031500536,24.99057088
sleep for 8.415489644573926 seconds
老爺麵店,臺北市北投區中央北路4段517號,121.4661387150081,25.128057883
sleep for 7.110469437028332 seconds
早安快來商店,臺北市北投區致遠一路1段1號1樓,121.51544421500776,25.107540083
sleep for 1.1164427402275572 seconds
逆月小吃店,臺北市大同區重慶北路1段83巷8號1樓,121.51229631500667,25.052663883
sleep for 3.9620980582205565 seconds
吳記南京板鴨店,臺北市中正區羅斯福路2段44號1樓,121.51927821500615,25.027986583
sleep for 5.086342267651149 seconds
星華鍋物小吃店,臺北市中山區長安東路2段168號1樓,121.53770821500648,25.04817658
sleep for 2.974589415748962 seconds
朝元小吃店,臺北市大安區東豐街63號1樓,121.54543921500637,25.036158783
sleep for 2.587950868616294 seconds
佳慶小吃店,臺北市北投區中央北路4段523號,121.4660042150082,25.127988983
sleep for 3.8508988551504544 seconds
開封府投注站,臺北市中正區博愛路36之3號,121.50902271500664,25.046119983
sleep for 9.526249067452635 seconds
龍美園小吃店,臺北市松山區三民路108之2號、108之3號、108之4號、108之5號、108之6號、108之7號、108之8號、108之22號,121.56163531500674,25.057755533
sleep for 1.3095963770296852 seconds
阿力的搖滾廚房,臺北市松山區富錦街498號,121.56185831500676,25.060877983
sleep for 3.2774588393956297 seconds
鋼鐵人廚房小吃店,臺北市中正區八德路1段82巷9弄7號,121.56272491500665,25.05002648
sleep for 7.428300608786617 seconds
美美大腸麵線,臺北市北投區致遠一路1段132號1樓,121.51268241500775,25.11050478
sleep for 7.42586712570071 seconds
川麻子餐館,臺北市中山區松江路313巷22號,121.5325504150068,25.0617328839
sleep for 5.2145515739383 seconds
快樂早餐坊,臺北市大同區承德路2段37巷19號1樓,121.51697681500673,25.05493818
sleep for 7.397728655183245 seconds
金匙奶品店,臺北市中正區青島東路3之2號,121.52392211500653,25.043058083
sleep for 8.45806918380174 seconds
星月文創工作室,臺北市大安區瑞安街256巷2號1樓,121.53724241500609,25.026825983
sleep for 6.202319996928789 seconds
Did not crawl 正宗晴光意麵複合式餐飲
tuple index out of range
Sleep for 1 minutes and continue to crawl
雪球客實業社,臺北市大安區復興南路2段331號,121.54156651500614,25.02382858
sleep for 7.6591038593877725 seconds
松竹屋小吃店,臺北市文山區羅斯福路5段218巷19號1樓,121.53557411500563,25.00199938
sleep for 6.4830331685461475 seconds
無盡藏餐飲,臺北市內湖區文德路22巷27弄7號,121.57745061500715,25.076714983
sleep for 2.1675736677166606 seconds
全麻吉餐坊,臺北市中山區中山北路2段65巷18-1號1樓,121.52227661500683,25.056920883
sleep for 2.455159934485569 seconds
盛億企業社,臺北市大安區敦化南路2段63巷50號1樓,121.54916881500618,25.03083608
sleep for 5.971719860933174 seconds
夜酌小吃店,臺北市大安區忠孝東路4段223巷63號,121.55071131500631,25.04360678
sleep for 9.356019852542731 seconds
媽媽米亞餐飲店,臺北市大安區和平東路3段1巷27號1樓,121.54466271500613,25.025767283
sleep for 3.8492607033911344 seconds
照起工早餐店,臺北市大安區永康街12之1號,121.5272503150062,25.031369883
sleep for 5.953888318011487 seconds
津生小吃店,臺北市中山區龍江路342巷25號,121.53732531500687,25.06565198
sleep for 6.064371222334426 seconds
醇香餐飲店,臺北市中山區遼寧街48之1號,121.53986791500664,25.049127983
sleep for 9.693191598041281 seconds
安字號工作室,臺北市中山區安東街18號1樓,121.54002481500655,25.04510358
sleep for 2.876298925048072 seconds
福來得小吃店,臺北市信義區信義路4段413之1號,121.55675831500618,25.03338598
sleep for 9.4339291926945 seconds
水柚小吃店,臺北市中山區龍江路55巷8號,121.53871371500675,25.049498683
sleep for 5.459160451237391 seconds
三五水餃專賣店,臺北市中山區民生西路17號1樓,121.51930101500668,25.057895283
sleep for 8.8830784081281 seconds
鱻醉坊,臺北市士林區中山北路6段275號,121.52310401500775,25.110006783
sleep for 4.145927623959645 seconds
知味家小吃店,臺北市大安區敦化南路2段63巷36號,121.54870641500618,25.030822583
sleep for 4.454833316373028 seconds
西門靖小吃店,臺北市萬華區武昌街2段122號,121.50180101500654,25.045232283
sleep for 6.93727658171121 seconds
穠舍田園小吃店,臺北市內湖區碧山路38號,121.58638281500765,25.100261383
sleep for 9.865941859627833 seconds
吉力商行,臺北市松山區民生東路5段69巷17號,121.55588931500692,25.059518983
sleep for 9.882951770593241 seconds
九鬼魚屋,臺北市信義區吳興街269巷12號1樓,121.56226561500604,25.027022883
sleep for 7.4871768465138295 seconds
源盛小吃店,臺北市大同區歸綏街233號,121.5088533150067,25.058356983
sleep for 7.449226519944094 seconds
食義義式廚房,臺北市中山區南京東路3段216巷3之1號1樓,121.54139221500667,25.051496883
sleep for 7.393971551998062 seconds
Did not crawl 煲煲殿小吃店
tuple index out of range
Restart time exceed, break the loop
574 succeess
remaining 7431
